<?xml version="1.0" encoding="UTF-8"?>
<testsuite name="fr.univ_amu.m1info.board_game_library.BoardMoveManagerTest" tests="5" skipped="0" failures="0" errors="0" timestamp="2024-12-12T21:43:41" hostname="Moe" time="1.133">
  <properties/>
  <testcase name="testShowAvailableMoves()" classname="fr.univ_amu.m1info.board_game_library.BoardMoveManagerTest" time="1.064"/>
  <testcase name="testShowAvailableMovesForPlayer()" classname="fr.univ_amu.m1info.board_game_library.BoardMoveManagerTest" time="0.015"/>
  <testcase name="testPlacePawnValidMove()" classname="fr.univ_amu.m1info.board_game_library.BoardMoveManagerTest" time="0.019"/>
  <testcase name="testResetAvailableMovesHighlight()" classname="fr.univ_amu.m1info.board_game_library.BoardMoveManagerTest" time="0.007"/>
  <testcase name="testPlacePawnInvalidMove()" classname="fr.univ_amu.m1info.board_game_library.BoardMoveManagerTest" time="0.013"/>
  <system-out><![CDATA[stack[CellContent[playerShape=STAR, Playercolor=DARKGREEN, baseColor=DARKGREEN]]
stack[CellContent[playerShape=STAR, Playercolor=DARKGREEN, baseColor=DARKGREEN]]
stack[CellContent[playerShape=STAR, Playercolor=DARKGREEN, baseColor=DARKGREEN]]
stack[CellContent[playerShape=STAR, Playercolor=DARKGREEN, baseColor=DARKGREEN]]
stack[CellContent[playerShape=STAR, Playercolor=DARKGREEN, baseColor=DARKGREEN]]
stack[CellContent[playerShape=STAR, Playercolor=DARKGREEN, baseColor=DARKGREEN]]
stack[CellContent[playerShape=STAR, Playercolor=DARKGREEN, baseColor=DARKGREEN]]
stack[CellContent[playerShape=STAR, Playercolor=DARKGREEN, baseColor=DARKGREEN]]
stack[CellContent[playerShape=STAR, Playercolor=DARKGREEN, baseColor=DARKGREEN]]
stack[CellContent[playerShape=STAR, Playercolor=DARKGREEN, baseColor=DARKGREEN]]
stack[CellContent[playerShape=STAR, Playercolor=DARKGREEN, baseColor=DARKGREEN]]
stack[CellContent[playerShape=STAR, Playercolor=DARKGREEN, baseColor=DARKGREEN]]
stack[CellContent[playerShape=STAR, Playercolor=DARKGREEN, baseColor=DARKGREEN]]
stack[CellContent[playerShape=STAR, Playercolor=DARKGREEN, baseColor=DARKGREEN]]
stack[CellContent[playerShape=STAR, Playercolor=DARKGREEN, baseColor=DARKGREEN]]
stack[CellContent[playerShape=STAR, Playercolor=DARKGREEN, baseColor=DARKGREEN]]
stack[CellContent[playerShape=STAR, Playercolor=DARKGREEN, baseColor=DARKGREEN]]
stack[CellContent[playerShape=STAR, Playercolor=DARKGREEN, baseColor=DARKGREEN]]
stack[CellContent[playerShape=STAR, Playercolor=DARKGREEN, baseColor=DARKGREEN]]
stack[CellContent[playerShape=STAR, Playercolor=DARKGREEN, baseColor=DARKGREEN]]
stack[CellContent[playerShape=STAR, Playercolor=DARKGREEN, baseColor=DARKGREEN]]
stack[CellContent[playerShape=STAR, Playercolor=DARKGREEN, baseColor=DARKGREEN]]
stack[CellContent[playerShape=STAR, Playercolor=DARKGREEN, baseColor=DARKGREEN]]
stack[CellContent[playerShape=STAR, Playercolor=DARKGREEN, baseColor=DARKGREEN]]
stack[CellContent[playerShape=STAR, Playercolor=DARKGREEN, baseColor=DARKGREEN]]
stack[CellContent[playerShape=STAR, Playercolor=DARKGREEN, baseColor=DARKGREEN]]
stack[CellContent[playerShape=STAR, Playercolor=DARKGREEN, baseColor=DARKGREEN]]
stack[CellContent[playerShape=STAR, Playercolor=DARKGREEN, baseColor=DARKGREEN]]
stack[CellContent[playerShape=STAR, Playercolor=DARKGREEN, baseColor=DARKGREEN]]
stack[CellContent[playerShape=STAR, Playercolor=DARKGREEN, baseColor=DARKGREEN]]
stack[CellContent[playerShape=STAR, Playercolor=DARKGREEN, baseColor=DARKGREEN]]
stack[CellContent[playerShape=STAR, Playercolor=DARKGREEN, baseColor=DARKGREEN]]
stack[CellContent[playerShape=STAR, Playercolor=DARKGREEN, baseColor=DARKGREEN]]
stack[CellContent[playerShape=STAR, Playercolor=DARKGREEN, baseColor=DARKGREEN]]
stack[CellContent[playerShape=STAR, Playercolor=DARKGREEN, baseColor=DARKGREEN]]
stack[CellContent[playerShape=STAR, Playercolor=DARKGREEN, baseColor=DARKGREEN]]
stack[CellContent[playerShape=STAR, Playercolor=DARKGREEN, baseColor=DARKGREEN]]
stack[CellContent[playerShape=STAR, Playercolor=DARKGREEN, baseColor=DARKGREEN]]
stack[CellContent[playerShape=STAR, Playercolor=DARKGREEN, baseColor=DARKGREEN]]
stack[CellContent[playerShape=STAR, Playercolor=DARKGREEN, baseColor=DARKGREEN]]
stack[CellContent[playerShape=STAR, Playercolor=DARKGREEN, baseColor=DARKGREEN]]
stack[CellContent[playerShape=STAR, Playercolor=DARKGREEN, baseColor=DARKGREEN]]
stack[CellContent[playerShape=STAR, Playercolor=DARKGREEN, baseColor=DARKGREEN]]
stack[CellContent[playerShape=STAR, Playercolor=DARKGREEN, baseColor=DARKGREEN]]
stack[CellContent[playerShape=STAR, Playercolor=DARKGREEN, baseColor=DARKGREEN]]
stack[CellContent[playerShape=STAR, Playercolor=DARKGREEN, baseColor=DARKGREEN]]
stack[CellContent[playerShape=STAR, Playercolor=DARKGREEN, baseColor=DARKGREEN]]
stack[CellContent[playerShape=STAR, Playercolor=DARKGREEN, baseColor=DARKGREEN]]
stack[CellContent[playerShape=STAR, Playercolor=DARKGREEN, baseColor=DARKGREEN]]
stack[CellContent[playerShape=STAR, Playercolor=DARKGREEN, baseColor=DARKGREEN]]
stack[CellContent[playerShape=STAR, Playercolor=DARKGREEN, baseColor=DARKGREEN]]
stack[CellContent[playerShape=STAR, Playercolor=DARKGREEN, baseColor=DARKGREEN]]
stack[CellContent[playerShape=STAR, Playercolor=DARKGREEN, baseColor=DARKGREEN]]
stack[CellContent[playerShape=STAR, Playercolor=DARKGREEN, baseColor=DARKGREEN]]
stack[CellContent[playerShape=STAR, Playercolor=DARKGREEN, baseColor=DARKGREEN]]
stack[CellContent[playerShape=STAR, Playercolor=DARKGREEN, baseColor=DARKGREEN]]
stack[CellContent[playerShape=STAR, Playercolor=DARKGREEN, baseColor=DARKGREEN]]
stack[CellContent[playerShape=STAR, Playercolor=DARKGREEN, baseColor=DARKGREEN]]
stack[CellContent[playerShape=STAR, Playercolor=DARKGREEN, baseColor=DARKGREEN]]
stack[CellContent[playerShape=STAR, Playercolor=DARKGREEN, baseColor=DARKGREEN]]
stack[CellContent[playerShape=STAR, Playercolor=DARKGREEN, baseColor=DARKGREEN]]
stack[CellContent[playerShape=STAR, Playercolor=DARKGREEN, baseColor=DARKGREEN]]
stack[CellContent[playerShape=STAR, Playercolor=DARKGREEN, baseColor=DARKGREEN]]
stack[CellContent[playerShape=STAR, Playercolor=DARKGREEN, baseColor=DARKGREEN]]
stack[CellContent[playerShape=STAR, Playercolor=DARKGREEN, baseColor=DARKGREEN], CellContent[playerShape=STAR, Playercolor=BLUE, baseColor=BLUE]]
stack[CellContent[playerShape=STAR, Playercolor=DARKGREEN, baseColor=DARKGREEN], CellContent[playerShape=STAR, Playercolor=BLUE, baseColor=BLUE]]
stack[CellContent[playerShape=STAR, Playercolor=DARKGREEN, baseColor=DARKGREEN]]
stack[CellContent[playerShape=STAR, Playercolor=DARKGREEN, baseColor=DARKGREEN]]
stack[CellContent[playerShape=STAR, Playercolor=DARKGREEN, baseColor=DARKGREEN]]
stack[CellContent[playerShape=STAR, Playercolor=DARKGREEN, baseColor=DARKGREEN]]
stack[CellContent[playerShape=STAR, Playercolor=DARKGREEN, baseColor=DARKGREEN]]
stack[CellContent[playerShape=STAR, Playercolor=DARKGREEN, baseColor=DARKGREEN]]
stack[CellContent[playerShape=STAR, Playercolor=DARKGREEN, baseColor=DARKGREEN]]
stack[CellContent[playerShape=STAR, Playercolor=DARKGREEN, baseColor=DARKGREEN]]
stack[CellContent[playerShape=STAR, Playercolor=DARKGREEN, baseColor=DARKGREEN]]
stack[CellContent[playerShape=STAR, Playercolor=DARKGREEN, baseColor=DARKGREEN]]
stack[CellContent[playerShape=STAR, Playercolor=DARKGREEN, baseColor=DARKGREEN]]
stack[CellContent[playerShape=STAR, Playercolor=DARKGREEN, baseColor=DARKGREEN]]
stack[CellContent[playerShape=STAR, Playercolor=DARKGREEN, baseColor=DARKGREEN]]
stack[CellContent[playerShape=STAR, Playercolor=DARKGREEN, baseColor=DARKGREEN]]
stack[CellContent[playerShape=STAR, Playercolor=DARKGREEN, baseColor=DARKGREEN]]
stack[CellContent[playerShape=STAR, Playercolor=DARKGREEN, baseColor=DARKGREEN]]
stack[CellContent[playerShape=STAR, Playercolor=DARKGREEN, baseColor=DARKGREEN]]
stack[CellContent[playerShape=STAR, Playercolor=DARKGREEN, baseColor=DARKGREEN]]
stack[CellContent[playerShape=STAR, Playercolor=DARKGREEN, baseColor=DARKGREEN]]
stack[CellContent[playerShape=STAR, Playercolor=DARKGREEN, baseColor=DARKGREEN]]
stack[CellContent[playerShape=STAR, Playercolor=DARKGREEN, baseColor=DARKGREEN]]
stack[CellContent[playerShape=STAR, Playercolor=DARKGREEN, baseColor=DARKGREEN]]
stack[CellContent[playerShape=STAR, Playercolor=DARKGREEN, baseColor=DARKGREEN]]
stack[CellContent[playerShape=STAR, Playercolor=DARKGREEN, baseColor=DARKGREEN]]
stack[CellContent[playerShape=STAR, Playercolor=DARKGREEN, baseColor=DARKGREEN]]
stack[CellContent[playerShape=STAR, Playercolor=DARKGREEN, baseColor=DARKGREEN]]
stack[CellContent[playerShape=STAR, Playercolor=DARKGREEN, baseColor=DARKGREEN]]
stack[CellContent[playerShape=STAR, Playercolor=DARKGREEN, baseColor=DARKGREEN]]
stack[CellContent[playerShape=STAR, Playercolor=DARKGREEN, baseColor=DARKGREEN]]
stack[CellContent[playerShape=STAR, Playercolor=DARKGREEN, baseColor=DARKGREEN]]
stack[CellContent[playerShape=STAR, Playercolor=DARKGREEN, baseColor=DARKGREEN]]
stack[CellContent[playerShape=STAR, Playercolor=DARKGREEN, baseColor=DARKGREEN]]
stack[CellContent[playerShape=STAR, Playercolor=DARKGREEN, baseColor=DARKGREEN]]
stack[CellContent[playerShape=STAR, Playercolor=DARKGREEN, baseColor=DARKGREEN]]
stack[CellContent[playerShape=STAR, Playercolor=DARKGREEN, baseColor=DARKGREEN]]
stack[CellContent[playerShape=STAR, Playercolor=DARKGREEN, baseColor=DARKGREEN]]
stack[CellContent[playerShape=STAR, Playercolor=DARKGREEN, baseColor=DARKGREEN]]
stack[CellContent[playerShape=STAR, Playercolor=DARKGREEN, baseColor=DARKGREEN]]
stack[CellContent[playerShape=STAR, Playercolor=DARKGREEN, baseColor=DARKGREEN]]
stack[CellContent[playerShape=STAR, Playercolor=DARKGREEN, baseColor=DARKGREEN]]
stack[CellContent[playerShape=STAR, Playercolor=DARKGREEN, baseColor=DARKGREEN]]
stack[CellContent[playerShape=STAR, Playercolor=DARKGREEN, baseColor=DARKGREEN]]
stack[CellContent[playerShape=STAR, Playercolor=DARKGREEN, baseColor=DARKGREEN]]
stack[CellContent[playerShape=STAR, Playercolor=DARKGREEN, baseColor=DARKGREEN]]
stack[CellContent[playerShape=STAR, Playercolor=DARKGREEN, baseColor=DARKGREEN]]
stack[CellContent[playerShape=STAR, Playercolor=DARKGREEN, baseColor=DARKGREEN]]
stack[CellContent[playerShape=STAR, Playercolor=DARKGREEN, baseColor=DARKGREEN]]
stack[CellContent[playerShape=STAR, Playercolor=DARKGREEN, baseColor=DARKGREEN]]
stack[CellContent[playerShape=STAR, Playercolor=DARKGREEN, baseColor=DARKGREEN]]
stack[CellContent[playerShape=STAR, Playercolor=DARKGREEN, baseColor=DARKGREEN]]
stack[CellContent[playerShape=STAR, Playercolor=DARKGREEN, baseColor=DARKGREEN]]
stack[CellContent[playerShape=STAR, Playercolor=DARKGREEN, baseColor=DARKGREEN]]
stack[CellContent[playerShape=STAR, Playercolor=DARKGREEN, baseColor=DARKGREEN]]
stack[CellContent[playerShape=STAR, Playercolor=DARKGREEN, baseColor=DARKGREEN]]
stack[CellContent[playerShape=STAR, Playercolor=DARKGREEN, baseColor=DARKGREEN]]
stack[CellContent[playerShape=STAR, Playercolor=DARKGREEN, baseColor=DARKGREEN]]
stack[CellContent[playerShape=STAR, Playercolor=DARKGREEN, baseColor=DARKGREEN]]
stack[CellContent[playerShape=STAR, Playercolor=DARKGREEN, baseColor=DARKGREEN]]
stack[CellContent[playerShape=STAR, Playercolor=DARKGREEN, baseColor=DARKGREEN]]
stack[CellContent[playerShape=STAR, Playercolor=DARKGREEN, baseColor=DARKGREEN]]
stack[CellContent[playerShape=STAR, Playercolor=DARKGREEN, baseColor=DARKGREEN]]
stack[CellContent[playerShape=STAR, Playercolor=DARKGREEN, baseColor=DARKGREEN]]
stack[CellContent[playerShape=STAR, Playercolor=DARKGREEN, baseColor=DARKGREEN]]
stack[CellContent[playerShape=STAR, Playercolor=DARKGREEN, baseColor=DARKGREEN]]
stack[CellContent[playerShape=STAR, Playercolor=BLUE, baseColor=BLUE]]
stack[CellContent[playerShape=STAR, Playercolor=DARKGREEN, baseColor=DARKGREEN]]
stack[CellContent[playerShape=STAR, Playercolor=DARKGREEN, baseColor=DARKGREEN]]
stack[CellContent[playerShape=STAR, Playercolor=DARKGREEN, baseColor=DARKGREEN]]
stack[CellContent[playerShape=STAR, Playercolor=DARKGREEN, baseColor=DARKGREEN]]
stack[CellContent[playerShape=STAR, Playercolor=DARKGREEN, baseColor=DARKGREEN]]
stack[CellContent[playerShape=STAR, Playercolor=DARKGREEN, baseColor=DARKGREEN]]
stack[CellContent[playerShape=STAR, Playercolor=DARKGREEN, baseColor=DARKGREEN]]
stack[CellContent[playerShape=STAR, Playercolor=DARKGREEN, baseColor=DARKGREEN]]
stack[CellContent[playerShape=STAR, Playercolor=DARKGREEN, baseColor=DARKGREEN]]
stack[CellContent[playerShape=STAR, Playercolor=DARKGREEN, baseColor=DARKGREEN]]
stack[CellContent[playerShape=STAR, Playercolor=DARKGREEN, baseColor=DARKGREEN]]
stack[CellContent[playerShape=STAR, Playercolor=DARKGREEN, baseColor=DARKGREEN]]
stack[CellContent[playerShape=STAR, Playercolor=DARKGREEN, baseColor=DARKGREEN]]
stack[CellContent[playerShape=STAR, Playercolor=DARKGREEN, baseColor=DARKGREEN]]
stack[CellContent[playerShape=STAR, Playercolor=DARKGREEN, baseColor=DARKGREEN]]
stack[CellContent[playerShape=STAR, Playercolor=DARKGREEN, baseColor=DARKGREEN]]
stack[CellContent[playerShape=STAR, Playercolor=DARKGREEN, baseColor=DARKGREEN]]
stack[CellContent[playerShape=STAR, Playercolor=DARKGREEN, baseColor=DARKGREEN]]
stack[CellContent[playerShape=STAR, Playercolor=DARKGREEN, baseColor=DARKGREEN]]
stack[CellContent[playerShape=STAR, Playercolor=DARKGREEN, baseColor=DARKGREEN]]
stack[CellContent[playerShape=STAR, Playercolor=DARKGREEN, baseColor=DARKGREEN]]
stack[CellContent[playerShape=STAR, Playercolor=DARKGREEN, baseColor=DARKGREEN]]
stack[CellContent[playerShape=STAR, Playercolor=DARKGREEN, baseColor=DARKGREEN]]
stack[CellContent[playerShape=STAR, Playercolor=DARKGREEN, baseColor=DARKGREEN]]
stack[CellContent[playerShape=STAR, Playercolor=DARKGREEN, baseColor=DARKGREEN]]
stack[CellContent[playerShape=STAR, Playercolor=DARKGREEN, baseColor=DARKGREEN]]
stack[CellContent[playerShape=STAR, Playercolor=DARKGREEN, baseColor=DARKGREEN]]
stack[CellContent[playerShape=STAR, Playercolor=DARKGREEN, baseColor=DARKGREEN]]
stack[CellContent[playerShape=STAR, Playercolor=DARKGREEN, baseColor=DARKGREEN]]
stack[CellContent[playerShape=STAR, Playercolor=DARKGREEN, baseColor=DARKGREEN]]
stack[CellContent[playerShape=STAR, Playercolor=DARKGREEN, baseColor=DARKGREEN]]
stack[CellContent[playerShape=STAR, Playercolor=DARKGREEN, baseColor=DARKGREEN]]
stack[CellContent[playerShape=STAR, Playercolor=DARKGREEN, baseColor=DARKGREEN]]
stack[CellContent[playerShape=STAR, Playercolor=DARKGREEN, baseColor=DARKGREEN]]
stack[CellContent[playerShape=STAR, Playercolor=DARKGREEN, baseColor=DARKGREEN]]
stack[CellContent[playerShape=STAR, Playercolor=DARKGREEN, baseColor=DARKGREEN]]
stack[CellContent[playerShape=STAR, Playercolor=DARKGREEN, baseColor=DARKGREEN]]
stack[CellContent[playerShape=STAR, Playercolor=DARKGREEN, baseColor=DARKGREEN]]
stack[CellContent[playerShape=STAR, Playercolor=DARKGREEN, baseColor=DARKGREEN]]
stack[CellContent[playerShape=STAR, Playercolor=DARKGREEN, baseColor=DARKGREEN]]
stack[CellContent[playerShape=STAR, Playercolor=DARKGREEN, baseColor=DARKGREEN]]
stack[CellContent[playerShape=STAR, Playercolor=DARKGREEN, baseColor=DARKGREEN]]
stack[CellContent[playerShape=STAR, Playercolor=DARKGREEN, baseColor=DARKGREEN]]
stack[CellContent[playerShape=STAR, Playercolor=DARKGREEN, baseColor=DARKGREEN]]
stack[CellContent[playerShape=STAR, Playercolor=DARKGREEN, baseColor=DARKGREEN]]
stack[CellContent[playerShape=STAR, Playercolor=DARKGREEN, baseColor=DARKGREEN]]
stack[CellContent[playerShape=STAR, Playercolor=DARKGREEN, baseColor=DARKGREEN]]
stack[CellContent[playerShape=STAR, Playercolor=DARKGREEN, baseColor=DARKGREEN]]
stack[CellContent[playerShape=STAR, Playercolor=DARKGREEN, baseColor=DARKGREEN]]
stack[CellContent[playerShape=STAR, Playercolor=DARKGREEN, baseColor=DARKGREEN]]
stack[CellContent[playerShape=STAR, Playercolor=DARKGREEN, baseColor=DARKGREEN]]
stack[CellContent[playerShape=STAR, Playercolor=DARKGREEN, baseColor=DARKGREEN]]
stack[CellContent[playerShape=STAR, Playercolor=DARKGREEN, baseColor=DARKGREEN]]
stack[CellContent[playerShape=STAR, Playercolor=DARKGREEN, baseColor=DARKGREEN]]
stack[CellContent[playerShape=STAR, Playercolor=DARKGREEN, baseColor=DARKGREEN]]
stack[CellContent[playerShape=STAR, Playercolor=DARKGREEN, baseColor=DARKGREEN]]
stack[CellContent[playerShape=STAR, Playercolor=DARKGREEN, baseColor=DARKGREEN]]
stack[CellContent[playerShape=STAR, Playercolor=DARKGREEN, baseColor=DARKGREEN]]
stack[CellContent[playerShape=STAR, Playercolor=DARKGREEN, baseColor=DARKGREEN]]
stack[CellContent[playerShape=STAR, Playercolor=DARKGREEN, baseColor=DARKGREEN]]
stack[CellContent[playerShape=STAR, Playercolor=DARKGREEN, baseColor=DARKGREEN]]
stack[CellContent[playerShape=STAR, Playercolor=DARKGREEN, baseColor=DARKGREEN]]
stack[CellContent[playerShape=STAR, Playercolor=DARKGREEN, baseColor=DARKGREEN]]
stack[CellContent[playerShape=STAR, Playercolor=DARKGREEN, baseColor=DARKGREEN]]
stack[CellContent[playerShape=STAR, Playercolor=DARKGREEN, baseColor=DARKGREEN], CellContent[playerShape=CIRCLE, Playercolor=BLACK, baseColor=DARKGREEN]]
stack[CellContent[playerShape=STAR, Playercolor=DARKGREEN, baseColor=DARKGREEN]]
stack[CellContent[playerShape=STAR, Playercolor=DARKGREEN, baseColor=DARKGREEN]]
stack[CellContent[playerShape=STAR, Playercolor=DARKGREEN, baseColor=DARKGREEN]]
stack[CellContent[playerShape=STAR, Playercolor=DARKGREEN, baseColor=DARKGREEN]]
stack[CellContent[playerShape=STAR, Playercolor=DARKGREEN, baseColor=DARKGREEN]]
stack[CellContent[playerShape=STAR, Playercolor=DARKGREEN, baseColor=DARKGREEN]]
stack[CellContent[playerShape=STAR, Playercolor=DARKGREEN, baseColor=DARKGREEN]]
stack[CellContent[playerShape=STAR, Playercolor=DARKGREEN, baseColor=DARKGREEN]]
stack[CellContent[playerShape=STAR, Playercolor=DARKGREEN, baseColor=DARKGREEN]]
stack[CellContent[playerShape=STAR, Playercolor=DARKGREEN, baseColor=DARKGREEN]]
stack[CellContent[playerShape=STAR, Playercolor=DARKGREEN, baseColor=DARKGREEN]]
stack[CellContent[playerShape=STAR, Playercolor=DARKGREEN, baseColor=DARKGREEN]]
stack[CellContent[playerShape=STAR, Playercolor=DARKGREEN, baseColor=DARKGREEN]]
stack[CellContent[playerShape=STAR, Playercolor=DARKGREEN, baseColor=DARKGREEN]]
stack[CellContent[playerShape=STAR, Playercolor=DARKGREEN, baseColor=DARKGREEN]]
stack[CellContent[playerShape=STAR, Playercolor=DARKGREEN, baseColor=DARKGREEN]]
stack[CellContent[playerShape=STAR, Playercolor=DARKGREEN, baseColor=DARKGREEN]]
stack[CellContent[playerShape=STAR, Playercolor=DARKGREEN, baseColor=DARKGREEN]]
stack[CellContent[playerShape=STAR, Playercolor=DARKGREEN, baseColor=DARKGREEN]]
stack[CellContent[playerShape=STAR, Playercolor=DARKGREEN, baseColor=DARKGREEN]]
stack[CellContent[playerShape=STAR, Playercolor=DARKGREEN, baseColor=DARKGREEN]]
stack[CellContent[playerShape=STAR, Playercolor=DARKGREEN, baseColor=DARKGREEN]]
stack[CellContent[playerShape=STAR, Playercolor=DARKGREEN, baseColor=DARKGREEN]]
stack[CellContent[playerShape=STAR, Playercolor=DARKGREEN, baseColor=DARKGREEN]]
stack[CellContent[playerShape=STAR, Playercolor=DARKGREEN, baseColor=DARKGREEN]]
stack[CellContent[playerShape=STAR, Playercolor=DARKGREEN, baseColor=DARKGREEN]]
stack[CellContent[playerShape=STAR, Playercolor=DARKGREEN, baseColor=DARKGREEN]]
stack[CellContent[playerShape=STAR, Playercolor=DARKGREEN, baseColor=DARKGREEN]]
stack[CellContent[playerShape=STAR, Playercolor=DARKGREEN, baseColor=DARKGREEN]]
stack[CellContent[playerShape=STAR, Playercolor=DARKGREEN, baseColor=DARKGREEN]]
stack[CellContent[playerShape=STAR, Playercolor=DARKGREEN, baseColor=DARKGREEN]]
stack[CellContent[playerShape=STAR, Playercolor=DARKGREEN, baseColor=DARKGREEN]]
stack[CellContent[playerShape=STAR, Playercolor=DARKGREEN, baseColor=DARKGREEN]]
stack[CellContent[playerShape=STAR, Playercolor=DARKGREEN, baseColor=DARKGREEN]]
stack[CellContent[playerShape=STAR, Playercolor=DARKGREEN, baseColor=DARKGREEN]]
stack[CellContent[playerShape=STAR, Playercolor=DARKGREEN, baseColor=DARKGREEN]]
stack[CellContent[playerShape=STAR, Playercolor=DARKGREEN, baseColor=DARKGREEN]]
stack[CellContent[playerShape=STAR, Playercolor=DARKGREEN, baseColor=DARKGREEN]]
stack[CellContent[playerShape=STAR, Playercolor=DARKGREEN, baseColor=DARKGREEN]]
stack[CellContent[playerShape=STAR, Playercolor=DARKGREEN, baseColor=DARKGREEN]]
stack[CellContent[playerShape=STAR, Playercolor=DARKGREEN, baseColor=DARKGREEN]]
stack[CellContent[playerShape=STAR, Playercolor=DARKGREEN, baseColor=DARKGREEN]]
stack[CellContent[playerShape=STAR, Playercolor=DARKGREEN, baseColor=DARKGREEN]]
stack[CellContent[playerShape=STAR, Playercolor=DARKGREEN, baseColor=DARKGREEN]]
stack[CellContent[playerShape=STAR, Playercolor=DARKGREEN, baseColor=DARKGREEN]]
stack[CellContent[playerShape=STAR, Playercolor=DARKGREEN, baseColor=DARKGREEN]]
stack[CellContent[playerShape=STAR, Playercolor=DARKGREEN, baseColor=DARKGREEN]]
stack[CellContent[playerShape=STAR, Playercolor=DARKGREEN, baseColor=DARKGREEN]]
stack[CellContent[playerShape=STAR, Playercolor=DARKGREEN, baseColor=DARKGREEN]]
stack[CellContent[playerShape=STAR, Playercolor=DARKGREEN, baseColor=DARKGREEN]]
stack[CellContent[playerShape=STAR, Playercolor=DARKGREEN, baseColor=DARKGREEN]]
stack[CellContent[playerShape=STAR, Playercolor=DARKGREEN, baseColor=DARKGREEN]]
stack[CellContent[playerShape=STAR, Playercolor=DARKGREEN, baseColor=DARKGREEN]]
stack[CellContent[playerShape=STAR, Playercolor=DARKGREEN, baseColor=DARKGREEN]]
stack[CellContent[playerShape=STAR, Playercolor=DARKGREEN, baseColor=DARKGREEN]]
stack[CellContent[playerShape=STAR, Playercolor=DARKGREEN, baseColor=DARKGREEN]]
stack[CellContent[playerShape=STAR, Playercolor=DARKGREEN, baseColor=DARKGREEN]]
stack[CellContent[playerShape=STAR, Playercolor=DARKGREEN, baseColor=DARKGREEN]]
stack[CellContent[playerShape=STAR, Playercolor=DARKGREEN, baseColor=DARKGREEN]]
stack[CellContent[playerShape=STAR, Playercolor=DARKGREEN, baseColor=DARKGREEN]]
stack[CellContent[playerShape=STAR, Playercolor=DARKGREEN, baseColor=DARKGREEN]]
stack[CellContent[playerShape=STAR, Playercolor=DARKGREEN, baseColor=DARKGREEN]]
stack[CellContent[playerShape=STAR, Playercolor=DARKGREEN, baseColor=DARKGREEN]]
stack[CellContent[playerShape=STAR, Playercolor=DARKGREEN, baseColor=DARKGREEN]]
stack[CellContent[playerShape=STAR, Playercolor=BLUE, baseColor=BLUE]]
stack[CellContent[playerShape=STAR, Playercolor=BLUE, baseColor=BLUE], CellContent[playerShape=STAR, Playercolor=DARKGREEN, baseColor=DARKGREEN]]
stack[CellContent[playerShape=STAR, Playercolor=DARKGREEN, baseColor=DARKGREEN]]
stack[CellContent[playerShape=STAR, Playercolor=DARKGREEN, baseColor=DARKGREEN]]
stack[CellContent[playerShape=STAR, Playercolor=DARKGREEN, baseColor=DARKGREEN]]
stack[CellContent[playerShape=STAR, Playercolor=DARKGREEN, baseColor=DARKGREEN]]
stack[CellContent[playerShape=STAR, Playercolor=DARKGREEN, baseColor=DARKGREEN]]
stack[CellContent[playerShape=STAR, Playercolor=DARKGREEN, baseColor=DARKGREEN]]
stack[CellContent[playerShape=STAR, Playercolor=DARKGREEN, baseColor=DARKGREEN]]
stack[CellContent[playerShape=STAR, Playercolor=DARKGREEN, baseColor=DARKGREEN]]
stack[CellContent[playerShape=STAR, Playercolor=DARKGREEN, baseColor=DARKGREEN]]
stack[CellContent[playerShape=STAR, Playercolor=DARKGREEN, baseColor=DARKGREEN]]
stack[CellContent[playerShape=STAR, Playercolor=DARKGREEN, baseColor=DARKGREEN]]
stack[CellContent[playerShape=STAR, Playercolor=DARKGREEN, baseColor=DARKGREEN]]
stack[CellContent[playerShape=STAR, Playercolor=DARKGREEN, baseColor=DARKGREEN]]
stack[CellContent[playerShape=STAR, Playercolor=DARKGREEN, baseColor=DARKGREEN]]
stack[CellContent[playerShape=STAR, Playercolor=DARKGREEN, baseColor=DARKGREEN]]
stack[CellContent[playerShape=STAR, Playercolor=DARKGREEN, baseColor=DARKGREEN]]
stack[CellContent[playerShape=STAR, Playercolor=DARKGREEN, baseColor=DARKGREEN]]
stack[CellContent[playerShape=STAR, Playercolor=DARKGREEN, baseColor=DARKGREEN]]
stack[CellContent[playerShape=STAR, Playercolor=DARKGREEN, baseColor=DARKGREEN]]
stack[CellContent[playerShape=STAR, Playercolor=DARKGREEN, baseColor=DARKGREEN]]
stack[CellContent[playerShape=STAR, Playercolor=DARKGREEN, baseColor=DARKGREEN]]
stack[CellContent[playerShape=STAR, Playercolor=DARKGREEN, baseColor=DARKGREEN]]
stack[CellContent[playerShape=STAR, Playercolor=DARKGREEN, baseColor=DARKGREEN]]
stack[CellContent[playerShape=STAR, Playercolor=DARKGREEN, baseColor=DARKGREEN]]
stack[CellContent[playerShape=STAR, Playercolor=DARKGREEN, baseColor=DARKGREEN]]
stack[CellContent[playerShape=STAR, Playercolor=DARKGREEN, baseColor=DARKGREEN]]
stack[CellContent[playerShape=STAR, Playercolor=DARKGREEN, baseColor=DARKGREEN]]
stack[CellContent[playerShape=STAR, Playercolor=DARKGREEN, baseColor=DARKGREEN]]
stack[CellContent[playerShape=STAR, Playercolor=DARKGREEN, baseColor=DARKGREEN]]
stack[CellContent[playerShape=STAR, Playercolor=DARKGREEN, baseColor=DARKGREEN]]
stack[CellContent[playerShape=STAR, Playercolor=DARKGREEN, baseColor=DARKGREEN]]
stack[CellContent[playerShape=STAR, Playercolor=DARKGREEN, baseColor=DARKGREEN]]
stack[CellContent[playerShape=STAR, Playercolor=DARKGREEN, baseColor=DARKGREEN]]
stack[CellContent[playerShape=STAR, Playercolor=DARKGREEN, baseColor=DARKGREEN]]
stack[CellContent[playerShape=STAR, Playercolor=DARKGREEN, baseColor=DARKGREEN]]
stack[CellContent[playerShape=STAR, Playercolor=DARKGREEN, baseColor=DARKGREEN]]
stack[CellContent[playerShape=STAR, Playercolor=DARKGREEN, baseColor=DARKGREEN]]
stack[CellContent[playerShape=STAR, Playercolor=DARKGREEN, baseColor=DARKGREEN]]
stack[CellContent[playerShape=STAR, Playercolor=DARKGREEN, baseColor=DARKGREEN]]
stack[CellContent[playerShape=STAR, Playercolor=DARKGREEN, baseColor=DARKGREEN]]
stack[CellContent[playerShape=STAR, Playercolor=DARKGREEN, baseColor=DARKGREEN]]
stack[CellContent[playerShape=STAR, Playercolor=DARKGREEN, baseColor=DARKGREEN]]
stack[CellContent[playerShape=STAR, Playercolor=DARKGREEN, baseColor=DARKGREEN]]
stack[CellContent[playerShape=STAR, Playercolor=DARKGREEN, baseColor=DARKGREEN]]
stack[CellContent[playerShape=STAR, Playercolor=DARKGREEN, baseColor=DARKGREEN]]
stack[CellContent[playerShape=STAR, Playercolor=DARKGREEN, baseColor=DARKGREEN]]
stack[CellContent[playerShape=STAR, Playercolor=DARKGREEN, baseColor=DARKGREEN]]
stack[CellContent[playerShape=STAR, Playercolor=DARKGREEN, baseColor=DARKGREEN]]
stack[CellContent[playerShape=STAR, Playercolor=DARKGREEN, baseColor=DARKGREEN]]
stack[CellContent[playerShape=STAR, Playercolor=DARKGREEN, baseColor=DARKGREEN]]
stack[CellContent[playerShape=STAR, Playercolor=DARKGREEN, baseColor=DARKGREEN]]
stack[CellContent[playerShape=STAR, Playercolor=DARKGREEN, baseColor=DARKGREEN]]
stack[CellContent[playerShape=STAR, Playercolor=DARKGREEN, baseColor=DARKGREEN]]
stack[CellContent[playerShape=STAR, Playercolor=DARKGREEN, baseColor=DARKGREEN]]
stack[CellContent[playerShape=STAR, Playercolor=DARKGREEN, baseColor=DARKGREEN]]
stack[CellContent[playerShape=STAR, Playercolor=DARKGREEN, baseColor=DARKGREEN]]
stack[CellContent[playerShape=STAR, Playercolor=DARKGREEN, baseColor=DARKGREEN]]
stack[CellContent[playerShape=STAR, Playercolor=DARKGREEN, baseColor=DARKGREEN]]
stack[CellContent[playerShape=STAR, Playercolor=DARKGREEN, baseColor=DARKGREEN]]
stack[CellContent[playerShape=STAR, Playercolor=DARKGREEN, baseColor=DARKGREEN]]
stack[CellContent[playerShape=STAR, Playercolor=DARKGREEN, baseColor=DARKGREEN]]
stack[CellContent[playerShape=STAR, Playercolor=DARKGREEN, baseColor=DARKGREEN]]
stack[CellContent[playerShape=STAR, Playercolor=DARKGREEN, baseColor=DARKGREEN]]
stack[CellContent[playerShape=STAR, Playercolor=DARKGREEN, baseColor=DARKGREEN]]
Invalid move at (3, 3). Choose another cell.
]]></system-out>
  <system-err><![CDATA[WARNING: A Java agent has been loaded dynamically (/home/moetez/.gradle/caches/modules-2/files-2.1/net.bytebuddy/byte-buddy-agent/1.14.6/46e2545d7a97b6ccb195621650c5957279eb4812/byte-buddy-agent-1.14.6.jar)
WARNING: If a serviceability tool is in use, please run with -XX:+EnableDynamicAgentLoading to hide this warning
WARNING: If a serviceability tool is not in use, please run with -Djdk.instrument.traceUsage for more information
WARNING: Dynamic loading of agents will be disallowed by default in a future release
]]></system-err>
</testsuite>
