<?xml version="1.0" encoding="UTF-8"?>
<testsuite name="fr.univ_amu.m1info.board_game_library.GameManagerTest" tests="6" skipped="0" failures="0" errors="0" timestamp="2024-12-12T21:43:42" hostname="Moe" time="0.116">
  <properties/>
  <testcase name="testEndGame()" classname="fr.univ_amu.m1info.board_game_library.GameManagerTest" time="0.085"/>
  <testcase name="testStartGame()" classname="fr.univ_amu.m1info.board_game_library.GameManagerTest" time="0.006"/>
  <testcase name="testPlay()" classname="fr.univ_amu.m1info.board_game_library.GameManagerTest" time="0.004"/>
  <testcase name="testGetTurnCounter()" classname="fr.univ_amu.m1info.board_game_library.GameManagerTest" time="0.004"/>
  <testcase name="testIsPlayer2Turn()" classname="fr.univ_amu.m1info.board_game_library.GameManagerTest" time="0.006"/>
  <testcase name="testSetPlayer2Turn()" classname="fr.univ_amu.m1info.board_game_library.GameManagerTest" time="0.006"/>
  <system-out><![CDATA[]]></system-out>
  <system-err><![CDATA[]]></system-err>
</testsuite>
