<?xml version="1.0" encoding="UTF-8"?>
<testsuite name="fr.univ_amu.m1info.board_game_library.BoardInitializerTest" tests="2" skipped="0" failures="0" errors="0" timestamp="2024-12-12T21:43:41" hostname="Moe" time="0.058">
  <properties/>
  <testcase name="testInitializeStartingPositions()" classname="fr.univ_amu.m1info.board_game_library.BoardInitializerTest" time="0.044"/>
  <testcase name="testInitializeCells()" classname="fr.univ_amu.m1info.board_game_library.BoardInitializerTest" time="0.012"/>
  <system-out><![CDATA[stack[CellContent[playerShape=STAR, Playercolor=null, baseColor=DARKGREEN]]
stack[CellContent[playerShape=STAR, Playercolor=null, baseColor=DARKGREEN]]
stack[CellContent[playerShape=STAR, Playercolor=null, baseColor=DARKGREEN]]
stack[CellContent[playerShape=STAR, Playercolor=null, baseColor=DARKGREEN]]
stack[CellContent[playerShape=STAR, Playercolor=null, baseColor=DARKGREEN]]
stack[CellContent[playerShape=STAR, Playercolor=null, baseColor=DARKGREEN]]
stack[CellContent[playerShape=STAR, Playercolor=null, baseColor=DARKGREEN]]
stack[CellContent[playerShape=STAR, Playercolor=null, baseColor=DARKGREEN]]
stack[CellContent[playerShape=STAR, Playercolor=null, baseColor=DARKGREEN]]
stack[CellContent[playerShape=STAR, Playercolor=null, baseColor=DARKGREEN]]
stack[CellContent[playerShape=STAR, Playercolor=null, baseColor=DARKGREEN]]
stack[CellContent[playerShape=STAR, Playercolor=null, baseColor=DARKGREEN]]
stack[CellContent[playerShape=STAR, Playercolor=null, baseColor=DARKGREEN]]
stack[CellContent[playerShape=STAR, Playercolor=null, baseColor=DARKGREEN]]
stack[CellContent[playerShape=STAR, Playercolor=null, baseColor=DARKGREEN]]
stack[CellContent[playerShape=STAR, Playercolor=null, baseColor=DARKGREEN]]
stack[CellContent[playerShape=STAR, Playercolor=null, baseColor=DARKGREEN]]
stack[CellContent[playerShape=STAR, Playercolor=null, baseColor=DARKGREEN]]
stack[CellContent[playerShape=STAR, Playercolor=null, baseColor=DARKGREEN]]
stack[CellContent[playerShape=STAR, Playercolor=null, baseColor=DARKGREEN]]
stack[CellContent[playerShape=STAR, Playercolor=null, baseColor=DARKGREEN]]
stack[CellContent[playerShape=STAR, Playercolor=null, baseColor=DARKGREEN]]
stack[CellContent[playerShape=STAR, Playercolor=null, baseColor=DARKGREEN]]
stack[CellContent[playerShape=STAR, Playercolor=null, baseColor=DARKGREEN]]
stack[CellContent[playerShape=STAR, Playercolor=null, baseColor=DARKGREEN]]
stack[CellContent[playerShape=STAR, Playercolor=null, baseColor=DARKGREEN]]
stack[CellContent[playerShape=STAR, Playercolor=null, baseColor=DARKGREEN]]
stack[CellContent[playerShape=STAR, Playercolor=null, baseColor=DARKGREEN]]
stack[CellContent[playerShape=STAR, Playercolor=null, baseColor=DARKGREEN]]
stack[CellContent[playerShape=STAR, Playercolor=null, baseColor=DARKGREEN]]
stack[CellContent[playerShape=STAR, Playercolor=null, baseColor=DARKGREEN]]
stack[CellContent[playerShape=STAR, Playercolor=null, baseColor=DARKGREEN]]
stack[CellContent[playerShape=STAR, Playercolor=null, baseColor=DARKGREEN]]
stack[CellContent[playerShape=STAR, Playercolor=null, baseColor=DARKGREEN]]
stack[CellContent[playerShape=STAR, Playercolor=null, baseColor=DARKGREEN]]
stack[CellContent[playerShape=STAR, Playercolor=null, baseColor=DARKGREEN]]
stack[CellContent[playerShape=STAR, Playercolor=null, baseColor=DARKGREEN]]
stack[CellContent[playerShape=STAR, Playercolor=null, baseColor=DARKGREEN]]
stack[CellContent[playerShape=STAR, Playercolor=null, baseColor=DARKGREEN]]
stack[CellContent[playerShape=STAR, Playercolor=null, baseColor=DARKGREEN]]
stack[CellContent[playerShape=STAR, Playercolor=null, baseColor=DARKGREEN]]
stack[CellContent[playerShape=STAR, Playercolor=null, baseColor=DARKGREEN]]
stack[CellContent[playerShape=STAR, Playercolor=null, baseColor=DARKGREEN]]
stack[CellContent[playerShape=STAR, Playercolor=null, baseColor=DARKGREEN]]
stack[CellContent[playerShape=STAR, Playercolor=null, baseColor=DARKGREEN]]
stack[CellContent[playerShape=STAR, Playercolor=null, baseColor=DARKGREEN]]
stack[CellContent[playerShape=STAR, Playercolor=null, baseColor=DARKGREEN]]
stack[CellContent[playerShape=STAR, Playercolor=null, baseColor=DARKGREEN]]
stack[CellContent[playerShape=STAR, Playercolor=null, baseColor=DARKGREEN]]
stack[CellContent[playerShape=STAR, Playercolor=null, baseColor=DARKGREEN]]
stack[CellContent[playerShape=STAR, Playercolor=null, baseColor=DARKGREEN]]
stack[CellContent[playerShape=STAR, Playercolor=null, baseColor=DARKGREEN]]
stack[CellContent[playerShape=STAR, Playercolor=null, baseColor=DARKGREEN]]
stack[CellContent[playerShape=STAR, Playercolor=null, baseColor=DARKGREEN]]
stack[CellContent[playerShape=STAR, Playercolor=null, baseColor=DARKGREEN]]
stack[CellContent[playerShape=STAR, Playercolor=null, baseColor=DARKGREEN]]
stack[CellContent[playerShape=STAR, Playercolor=null, baseColor=DARKGREEN]]
stack[CellContent[playerShape=STAR, Playercolor=null, baseColor=DARKGREEN]]
stack[CellContent[playerShape=STAR, Playercolor=null, baseColor=DARKGREEN]]
stack[CellContent[playerShape=STAR, Playercolor=null, baseColor=DARKGREEN]]
stack[CellContent[playerShape=STAR, Playercolor=null, baseColor=DARKGREEN]]
stack[CellContent[playerShape=STAR, Playercolor=null, baseColor=DARKGREEN]]
stack[CellContent[playerShape=STAR, Playercolor=null, baseColor=DARKGREEN]]
stack[CellContent[playerShape=STAR, Playercolor=null, baseColor=DARKGREEN]]
stack[CellContent[playerShape=STAR, Playercolor=null, baseColor=DARKGREEN], CellContent[playerShape=CIRCLE, Playercolor=WHITE, baseColor=DARKGREEN]]
stack[CellContent[playerShape=STAR, Playercolor=null, baseColor=DARKGREEN], CellContent[playerShape=CIRCLE, Playercolor=BLACK, baseColor=DARKGREEN]]
stack[CellContent[playerShape=STAR, Playercolor=null, baseColor=DARKGREEN], CellContent[playerShape=CIRCLE, Playercolor=BLACK, baseColor=DARKGREEN]]
stack[CellContent[playerShape=STAR, Playercolor=null, baseColor=DARKGREEN], CellContent[playerShape=CIRCLE, Playercolor=WHITE, baseColor=DARKGREEN]]
stack[CellContent[playerShape=STAR, Playercolor=null, baseColor=DARKGREEN]]
stack[CellContent[playerShape=STAR, Playercolor=null, baseColor=DARKGREEN]]
stack[CellContent[playerShape=STAR, Playercolor=null, baseColor=DARKGREEN]]
stack[CellContent[playerShape=STAR, Playercolor=null, baseColor=DARKGREEN]]
stack[CellContent[playerShape=STAR, Playercolor=null, baseColor=DARKGREEN]]
stack[CellContent[playerShape=STAR, Playercolor=null, baseColor=DARKGREEN]]
stack[CellContent[playerShape=STAR, Playercolor=null, baseColor=DARKGREEN]]
stack[CellContent[playerShape=STAR, Playercolor=null, baseColor=DARKGREEN]]
stack[CellContent[playerShape=STAR, Playercolor=null, baseColor=DARKGREEN]]
stack[CellContent[playerShape=STAR, Playercolor=null, baseColor=DARKGREEN]]
stack[CellContent[playerShape=STAR, Playercolor=null, baseColor=DARKGREEN]]
stack[CellContent[playerShape=STAR, Playercolor=null, baseColor=DARKGREEN]]
stack[CellContent[playerShape=STAR, Playercolor=null, baseColor=DARKGREEN]]
stack[CellContent[playerShape=STAR, Playercolor=null, baseColor=DARKGREEN]]
stack[CellContent[playerShape=STAR, Playercolor=null, baseColor=DARKGREEN]]
stack[CellContent[playerShape=STAR, Playercolor=null, baseColor=DARKGREEN]]
stack[CellContent[playerShape=STAR, Playercolor=null, baseColor=DARKGREEN]]
stack[CellContent[playerShape=STAR, Playercolor=null, baseColor=DARKGREEN]]
stack[CellContent[playerShape=STAR, Playercolor=null, baseColor=DARKGREEN]]
stack[CellContent[playerShape=STAR, Playercolor=null, baseColor=DARKGREEN]]
stack[CellContent[playerShape=STAR, Playercolor=null, baseColor=DARKGREEN]]
stack[CellContent[playerShape=STAR, Playercolor=null, baseColor=DARKGREEN]]
stack[CellContent[playerShape=STAR, Playercolor=null, baseColor=DARKGREEN]]
stack[CellContent[playerShape=STAR, Playercolor=null, baseColor=DARKGREEN]]
stack[CellContent[playerShape=STAR, Playercolor=null, baseColor=DARKGREEN]]
stack[CellContent[playerShape=STAR, Playercolor=null, baseColor=DARKGREEN]]
stack[CellContent[playerShape=STAR, Playercolor=null, baseColor=DARKGREEN]]
stack[CellContent[playerShape=STAR, Playercolor=null, baseColor=DARKGREEN]]
stack[CellContent[playerShape=STAR, Playercolor=null, baseColor=DARKGREEN]]
stack[CellContent[playerShape=STAR, Playercolor=null, baseColor=DARKGREEN]]
stack[CellContent[playerShape=STAR, Playercolor=null, baseColor=DARKGREEN]]
stack[CellContent[playerShape=STAR, Playercolor=null, baseColor=DARKGREEN]]
stack[CellContent[playerShape=STAR, Playercolor=null, baseColor=DARKGREEN]]
stack[CellContent[playerShape=STAR, Playercolor=null, baseColor=DARKGREEN]]
stack[CellContent[playerShape=STAR, Playercolor=null, baseColor=DARKGREEN]]
stack[CellContent[playerShape=STAR, Playercolor=null, baseColor=DARKGREEN]]
stack[CellContent[playerShape=STAR, Playercolor=null, baseColor=DARKGREEN]]
stack[CellContent[playerShape=STAR, Playercolor=null, baseColor=DARKGREEN]]
stack[CellContent[playerShape=STAR, Playercolor=null, baseColor=DARKGREEN]]
stack[CellContent[playerShape=STAR, Playercolor=null, baseColor=DARKGREEN]]
stack[CellContent[playerShape=STAR, Playercolor=null, baseColor=DARKGREEN]]
stack[CellContent[playerShape=STAR, Playercolor=null, baseColor=DARKGREEN]]
stack[CellContent[playerShape=STAR, Playercolor=null, baseColor=DARKGREEN]]
stack[CellContent[playerShape=STAR, Playercolor=null, baseColor=DARKGREEN]]
stack[CellContent[playerShape=STAR, Playercolor=null, baseColor=DARKGREEN]]
stack[CellContent[playerShape=STAR, Playercolor=null, baseColor=DARKGREEN]]
stack[CellContent[playerShape=STAR, Playercolor=null, baseColor=DARKGREEN]]
stack[CellContent[playerShape=STAR, Playercolor=null, baseColor=DARKGREEN]]
stack[CellContent[playerShape=STAR, Playercolor=null, baseColor=DARKGREEN]]
stack[CellContent[playerShape=STAR, Playercolor=null, baseColor=DARKGREEN]]
stack[CellContent[playerShape=STAR, Playercolor=null, baseColor=DARKGREEN]]
stack[CellContent[playerShape=STAR, Playercolor=null, baseColor=DARKGREEN]]
stack[CellContent[playerShape=STAR, Playercolor=null, baseColor=DARKGREEN]]
stack[CellContent[playerShape=STAR, Playercolor=null, baseColor=DARKGREEN]]
stack[CellContent[playerShape=STAR, Playercolor=null, baseColor=DARKGREEN]]
stack[CellContent[playerShape=STAR, Playercolor=null, baseColor=DARKGREEN]]
stack[CellContent[playerShape=STAR, Playercolor=null, baseColor=DARKGREEN]]
stack[CellContent[playerShape=STAR, Playercolor=null, baseColor=DARKGREEN]]
stack[CellContent[playerShape=STAR, Playercolor=null, baseColor=DARKGREEN]]
stack[CellContent[playerShape=STAR, Playercolor=null, baseColor=DARKGREEN]]
stack[CellContent[playerShape=STAR, Playercolor=null, baseColor=DARKGREEN]]
stack[CellContent[playerShape=STAR, Playercolor=null, baseColor=DARKGREEN]]
stack[CellContent[playerShape=STAR, Playercolor=null, baseColor=DARKGREEN]]
stack[CellContent[playerShape=STAR, Playercolor=null, baseColor=DARKGREEN]]
]]></system-out>
  <system-err><![CDATA[]]></system-err>
</testsuite>
