<?xml version="1.0" encoding="UTF-8"?>
<testsuite name="fr.univ_amu.m1info.board_game_library.BoardStateCheckerTest" tests="2" skipped="0" failures="0" errors="0" timestamp="2024-12-12T21:43:42" hostname="Moe" time="0.008">
  <properties/>
  <testcase name="testIsGameOverWithEmptyCells()" classname="fr.univ_amu.m1info.board_game_library.BoardStateCheckerTest" time="0.003"/>
  <testcase name="testIsGameOverWithFullBoard()" classname="fr.univ_amu.m1info.board_game_library.BoardStateCheckerTest" time="0.003"/>
  <system-out><![CDATA[stack[CellContent[playerShape=STAR, Playercolor=DARKGREEN, baseColor=DARKGREEN]]
stack[CellContent[playerShape=STAR, Playercolor=DARKGREEN, baseColor=DARKGREEN]]
stack[CellContent[playerShape=STAR, Playercolor=DARKGREEN, baseColor=DARKGREEN]]
stack[CellContent[playerShape=STAR, Playercolor=DARKGREEN, baseColor=DARKGREEN]]
stack[CellContent[playerShape=STAR, Playercolor=DARKGREEN, baseColor=DARKGREEN]]
stack[CellContent[playerShape=STAR, Playercolor=DARKGREEN, baseColor=DARKGREEN]]
stack[CellContent[playerShape=STAR, Playercolor=DARKGREEN, baseColor=DARKGREEN]]
stack[CellContent[playerShape=STAR, Playercolor=DARKGREEN, baseColor=DARKGREEN]]
stack[CellContent[playerShape=STAR, Playercolor=DARKGREEN, baseColor=DARKGREEN]]
stack[CellContent[playerShape=STAR, Playercolor=DARKGREEN, baseColor=DARKGREEN]]
stack[CellContent[playerShape=STAR, Playercolor=DARKGREEN, baseColor=DARKGREEN]]
stack[CellContent[playerShape=STAR, Playercolor=DARKGREEN, baseColor=DARKGREEN]]
stack[CellContent[playerShape=STAR, Playercolor=DARKGREEN, baseColor=DARKGREEN]]
stack[CellContent[playerShape=STAR, Playercolor=DARKGREEN, baseColor=DARKGREEN]]
stack[CellContent[playerShape=STAR, Playercolor=DARKGREEN, baseColor=DARKGREEN]]
stack[CellContent[playerShape=STAR, Playercolor=DARKGREEN, baseColor=DARKGREEN]]
stack[CellContent[playerShape=STAR, Playercolor=DARKGREEN, baseColor=DARKGREEN]]
stack[CellContent[playerShape=STAR, Playercolor=DARKGREEN, baseColor=DARKGREEN]]
stack[CellContent[playerShape=STAR, Playercolor=DARKGREEN, baseColor=DARKGREEN]]
stack[CellContent[playerShape=STAR, Playercolor=DARKGREEN, baseColor=DARKGREEN]]
stack[CellContent[playerShape=STAR, Playercolor=DARKGREEN, baseColor=DARKGREEN]]
stack[CellContent[playerShape=STAR, Playercolor=DARKGREEN, baseColor=DARKGREEN]]
stack[CellContent[playerShape=STAR, Playercolor=DARKGREEN, baseColor=DARKGREEN]]
stack[CellContent[playerShape=STAR, Playercolor=DARKGREEN, baseColor=DARKGREEN]]
stack[CellContent[playerShape=STAR, Playercolor=DARKGREEN, baseColor=DARKGREEN]]
stack[CellContent[playerShape=STAR, Playercolor=DARKGREEN, baseColor=DARKGREEN]]
stack[CellContent[playerShape=STAR, Playercolor=DARKGREEN, baseColor=DARKGREEN]]
stack[CellContent[playerShape=STAR, Playercolor=DARKGREEN, baseColor=DARKGREEN]]
stack[CellContent[playerShape=STAR, Playercolor=DARKGREEN, baseColor=DARKGREEN]]
stack[CellContent[playerShape=STAR, Playercolor=DARKGREEN, baseColor=DARKGREEN]]
stack[CellContent[playerShape=STAR, Playercolor=DARKGREEN, baseColor=DARKGREEN]]
stack[CellContent[playerShape=STAR, Playercolor=DARKGREEN, baseColor=DARKGREEN]]
stack[CellContent[playerShape=STAR, Playercolor=DARKGREEN, baseColor=DARKGREEN]]
stack[CellContent[playerShape=STAR, Playercolor=DARKGREEN, baseColor=DARKGREEN]]
stack[CellContent[playerShape=STAR, Playercolor=DARKGREEN, baseColor=DARKGREEN]]
stack[CellContent[playerShape=STAR, Playercolor=DARKGREEN, baseColor=DARKGREEN]]
stack[CellContent[playerShape=STAR, Playercolor=DARKGREEN, baseColor=DARKGREEN]]
stack[CellContent[playerShape=STAR, Playercolor=DARKGREEN, baseColor=DARKGREEN]]
stack[CellContent[playerShape=STAR, Playercolor=DARKGREEN, baseColor=DARKGREEN]]
stack[CellContent[playerShape=STAR, Playercolor=DARKGREEN, baseColor=DARKGREEN]]
stack[CellContent[playerShape=STAR, Playercolor=DARKGREEN, baseColor=DARKGREEN]]
stack[CellContent[playerShape=STAR, Playercolor=DARKGREEN, baseColor=DARKGREEN]]
stack[CellContent[playerShape=STAR, Playercolor=DARKGREEN, baseColor=DARKGREEN]]
stack[CellContent[playerShape=STAR, Playercolor=DARKGREEN, baseColor=DARKGREEN]]
stack[CellContent[playerShape=STAR, Playercolor=DARKGREEN, baseColor=DARKGREEN]]
stack[CellContent[playerShape=STAR, Playercolor=DARKGREEN, baseColor=DARKGREEN]]
stack[CellContent[playerShape=STAR, Playercolor=DARKGREEN, baseColor=DARKGREEN]]
stack[CellContent[playerShape=STAR, Playercolor=DARKGREEN, baseColor=DARKGREEN]]
stack[CellContent[playerShape=STAR, Playercolor=DARKGREEN, baseColor=DARKGREEN]]
stack[CellContent[playerShape=STAR, Playercolor=DARKGREEN, baseColor=DARKGREEN]]
stack[CellContent[playerShape=STAR, Playercolor=DARKGREEN, baseColor=DARKGREEN]]
stack[CellContent[playerShape=STAR, Playercolor=DARKGREEN, baseColor=DARKGREEN]]
stack[CellContent[playerShape=STAR, Playercolor=DARKGREEN, baseColor=DARKGREEN]]
stack[CellContent[playerShape=STAR, Playercolor=DARKGREEN, baseColor=DARKGREEN]]
stack[CellContent[playerShape=STAR, Playercolor=DARKGREEN, baseColor=DARKGREEN]]
stack[CellContent[playerShape=STAR, Playercolor=DARKGREEN, baseColor=DARKGREEN]]
stack[CellContent[playerShape=STAR, Playercolor=DARKGREEN, baseColor=DARKGREEN]]
stack[CellContent[playerShape=STAR, Playercolor=DARKGREEN, baseColor=DARKGREEN]]
stack[CellContent[playerShape=STAR, Playercolor=DARKGREEN, baseColor=DARKGREEN]]
stack[CellContent[playerShape=STAR, Playercolor=DARKGREEN, baseColor=DARKGREEN]]
stack[CellContent[playerShape=STAR, Playercolor=DARKGREEN, baseColor=DARKGREEN]]
stack[CellContent[playerShape=STAR, Playercolor=DARKGREEN, baseColor=DARKGREEN]]
stack[CellContent[playerShape=STAR, Playercolor=DARKGREEN, baseColor=DARKGREEN]]
stack[CellContent[playerShape=STAR, Playercolor=DARKGREEN, baseColor=DARKGREEN]]
stack[CellContent[playerShape=STAR, Playercolor=DARKGREEN, baseColor=DARKGREEN]]
stack[CellContent[playerShape=STAR, Playercolor=DARKGREEN, baseColor=DARKGREEN]]
stack[CellContent[playerShape=STAR, Playercolor=DARKGREEN, baseColor=DARKGREEN]]
stack[CellContent[playerShape=STAR, Playercolor=DARKGREEN, baseColor=DARKGREEN]]
stack[CellContent[playerShape=STAR, Playercolor=DARKGREEN, baseColor=DARKGREEN]]
stack[CellContent[playerShape=STAR, Playercolor=DARKGREEN, baseColor=DARKGREEN]]
stack[CellContent[playerShape=STAR, Playercolor=DARKGREEN, baseColor=DARKGREEN]]
stack[CellContent[playerShape=STAR, Playercolor=DARKGREEN, baseColor=DARKGREEN]]
stack[CellContent[playerShape=STAR, Playercolor=DARKGREEN, baseColor=DARKGREEN]]
stack[CellContent[playerShape=STAR, Playercolor=DARKGREEN, baseColor=DARKGREEN]]
stack[CellContent[playerShape=STAR, Playercolor=DARKGREEN, baseColor=DARKGREEN]]
stack[CellContent[playerShape=STAR, Playercolor=DARKGREEN, baseColor=DARKGREEN]]
stack[CellContent[playerShape=STAR, Playercolor=DARKGREEN, baseColor=DARKGREEN]]
stack[CellContent[playerShape=STAR, Playercolor=DARKGREEN, baseColor=DARKGREEN]]
stack[CellContent[playerShape=STAR, Playercolor=DARKGREEN, baseColor=DARKGREEN]]
stack[CellContent[playerShape=STAR, Playercolor=DARKGREEN, baseColor=DARKGREEN]]
stack[CellContent[playerShape=STAR, Playercolor=DARKGREEN, baseColor=DARKGREEN]]
stack[CellContent[playerShape=STAR, Playercolor=DARKGREEN, baseColor=DARKGREEN]]
stack[CellContent[playerShape=STAR, Playercolor=DARKGREEN, baseColor=DARKGREEN]]
stack[CellContent[playerShape=STAR, Playercolor=DARKGREEN, baseColor=DARKGREEN]]
stack[CellContent[playerShape=STAR, Playercolor=DARKGREEN, baseColor=DARKGREEN]]
stack[CellContent[playerShape=STAR, Playercolor=DARKGREEN, baseColor=DARKGREEN]]
stack[CellContent[playerShape=STAR, Playercolor=DARKGREEN, baseColor=DARKGREEN]]
stack[CellContent[playerShape=STAR, Playercolor=DARKGREEN, baseColor=DARKGREEN]]
stack[CellContent[playerShape=STAR, Playercolor=DARKGREEN, baseColor=DARKGREEN]]
stack[CellContent[playerShape=STAR, Playercolor=DARKGREEN, baseColor=DARKGREEN]]
stack[CellContent[playerShape=STAR, Playercolor=DARKGREEN, baseColor=DARKGREEN]]
stack[CellContent[playerShape=STAR, Playercolor=DARKGREEN, baseColor=DARKGREEN]]
stack[CellContent[playerShape=STAR, Playercolor=DARKGREEN, baseColor=DARKGREEN]]
stack[CellContent[playerShape=STAR, Playercolor=DARKGREEN, baseColor=DARKGREEN]]
stack[CellContent[playerShape=STAR, Playercolor=DARKGREEN, baseColor=DARKGREEN]]
stack[CellContent[playerShape=STAR, Playercolor=DARKGREEN, baseColor=DARKGREEN]]
stack[CellContent[playerShape=STAR, Playercolor=DARKGREEN, baseColor=DARKGREEN]]
stack[CellContent[playerShape=STAR, Playercolor=DARKGREEN, baseColor=DARKGREEN]]
stack[CellContent[playerShape=STAR, Playercolor=DARKGREEN, baseColor=DARKGREEN]]
stack[CellContent[playerShape=STAR, Playercolor=DARKGREEN, baseColor=DARKGREEN]]
stack[CellContent[playerShape=STAR, Playercolor=DARKGREEN, baseColor=DARKGREEN]]
stack[CellContent[playerShape=STAR, Playercolor=DARKGREEN, baseColor=DARKGREEN]]
stack[CellContent[playerShape=STAR, Playercolor=DARKGREEN, baseColor=DARKGREEN]]
stack[CellContent[playerShape=STAR, Playercolor=DARKGREEN, baseColor=DARKGREEN]]
stack[CellContent[playerShape=STAR, Playercolor=DARKGREEN, baseColor=DARKGREEN]]
stack[CellContent[playerShape=STAR, Playercolor=DARKGREEN, baseColor=DARKGREEN]]
stack[CellContent[playerShape=STAR, Playercolor=DARKGREEN, baseColor=DARKGREEN]]
stack[CellContent[playerShape=STAR, Playercolor=DARKGREEN, baseColor=DARKGREEN]]
stack[CellContent[playerShape=STAR, Playercolor=DARKGREEN, baseColor=DARKGREEN]]
stack[CellContent[playerShape=STAR, Playercolor=DARKGREEN, baseColor=DARKGREEN]]
stack[CellContent[playerShape=STAR, Playercolor=DARKGREEN, baseColor=DARKGREEN]]
stack[CellContent[playerShape=STAR, Playercolor=DARKGREEN, baseColor=DARKGREEN]]
stack[CellContent[playerShape=STAR, Playercolor=DARKGREEN, baseColor=DARKGREEN]]
stack[CellContent[playerShape=STAR, Playercolor=DARKGREEN, baseColor=DARKGREEN]]
stack[CellContent[playerShape=STAR, Playercolor=DARKGREEN, baseColor=DARKGREEN]]
stack[CellContent[playerShape=STAR, Playercolor=DARKGREEN, baseColor=DARKGREEN]]
stack[CellContent[playerShape=STAR, Playercolor=DARKGREEN, baseColor=DARKGREEN]]
stack[CellContent[playerShape=STAR, Playercolor=DARKGREEN, baseColor=DARKGREEN]]
stack[CellContent[playerShape=STAR, Playercolor=DARKGREEN, baseColor=DARKGREEN]]
stack[CellContent[playerShape=STAR, Playercolor=DARKGREEN, baseColor=DARKGREEN]]
stack[CellContent[playerShape=STAR, Playercolor=DARKGREEN, baseColor=DARKGREEN]]
stack[CellContent[playerShape=STAR, Playercolor=DARKGREEN, baseColor=DARKGREEN]]
stack[CellContent[playerShape=STAR, Playercolor=DARKGREEN, baseColor=DARKGREEN]]
stack[CellContent[playerShape=STAR, Playercolor=DARKGREEN, baseColor=DARKGREEN]]
stack[CellContent[playerShape=STAR, Playercolor=DARKGREEN, baseColor=DARKGREEN]]
stack[CellContent[playerShape=STAR, Playercolor=DARKGREEN, baseColor=DARKGREEN]]
stack[CellContent[playerShape=STAR, Playercolor=DARKGREEN, baseColor=DARKGREEN]]
stack[CellContent[playerShape=STAR, Playercolor=DARKGREEN, baseColor=DARKGREEN]]
stack[CellContent[playerShape=STAR, Playercolor=DARKGREEN, baseColor=DARKGREEN]]
stack[CellContent[playerShape=CIRCLE, Playercolor=BLACK, baseColor=DARKGREEN]]
stack[CellContent[playerShape=CIRCLE, Playercolor=BLACK, baseColor=DARKGREEN]]
stack[CellContent[playerShape=CIRCLE, Playercolor=BLACK, baseColor=DARKGREEN]]
stack[CellContent[playerShape=CIRCLE, Playercolor=BLACK, baseColor=DARKGREEN]]
stack[CellContent[playerShape=CIRCLE, Playercolor=BLACK, baseColor=DARKGREEN]]
stack[CellContent[playerShape=CIRCLE, Playercolor=BLACK, baseColor=DARKGREEN]]
stack[CellContent[playerShape=CIRCLE, Playercolor=BLACK, baseColor=DARKGREEN]]
stack[CellContent[playerShape=CIRCLE, Playercolor=BLACK, baseColor=DARKGREEN]]
stack[CellContent[playerShape=CIRCLE, Playercolor=BLACK, baseColor=DARKGREEN]]
stack[CellContent[playerShape=CIRCLE, Playercolor=BLACK, baseColor=DARKGREEN]]
stack[CellContent[playerShape=CIRCLE, Playercolor=BLACK, baseColor=DARKGREEN]]
stack[CellContent[playerShape=CIRCLE, Playercolor=BLACK, baseColor=DARKGREEN]]
stack[CellContent[playerShape=CIRCLE, Playercolor=BLACK, baseColor=DARKGREEN]]
stack[CellContent[playerShape=CIRCLE, Playercolor=BLACK, baseColor=DARKGREEN]]
stack[CellContent[playerShape=CIRCLE, Playercolor=BLACK, baseColor=DARKGREEN]]
stack[CellContent[playerShape=CIRCLE, Playercolor=BLACK, baseColor=DARKGREEN]]
stack[CellContent[playerShape=CIRCLE, Playercolor=BLACK, baseColor=DARKGREEN]]
stack[CellContent[playerShape=CIRCLE, Playercolor=BLACK, baseColor=DARKGREEN]]
stack[CellContent[playerShape=CIRCLE, Playercolor=BLACK, baseColor=DARKGREEN]]
stack[CellContent[playerShape=CIRCLE, Playercolor=BLACK, baseColor=DARKGREEN]]
stack[CellContent[playerShape=CIRCLE, Playercolor=BLACK, baseColor=DARKGREEN]]
stack[CellContent[playerShape=CIRCLE, Playercolor=BLACK, baseColor=DARKGREEN]]
stack[CellContent[playerShape=CIRCLE, Playercolor=BLACK, baseColor=DARKGREEN]]
stack[CellContent[playerShape=CIRCLE, Playercolor=BLACK, baseColor=DARKGREEN]]
stack[CellContent[playerShape=CIRCLE, Playercolor=BLACK, baseColor=DARKGREEN]]
stack[CellContent[playerShape=CIRCLE, Playercolor=BLACK, baseColor=DARKGREEN]]
stack[CellContent[playerShape=CIRCLE, Playercolor=BLACK, baseColor=DARKGREEN]]
stack[CellContent[playerShape=CIRCLE, Playercolor=BLACK, baseColor=DARKGREEN]]
stack[CellContent[playerShape=CIRCLE, Playercolor=BLACK, baseColor=DARKGREEN]]
stack[CellContent[playerShape=CIRCLE, Playercolor=BLACK, baseColor=DARKGREEN]]
stack[CellContent[playerShape=CIRCLE, Playercolor=BLACK, baseColor=DARKGREEN]]
stack[CellContent[playerShape=CIRCLE, Playercolor=BLACK, baseColor=DARKGREEN]]
stack[CellContent[playerShape=CIRCLE, Playercolor=BLACK, baseColor=DARKGREEN]]
stack[CellContent[playerShape=CIRCLE, Playercolor=BLACK, baseColor=DARKGREEN]]
stack[CellContent[playerShape=CIRCLE, Playercolor=BLACK, baseColor=DARKGREEN]]
stack[CellContent[playerShape=CIRCLE, Playercolor=BLACK, baseColor=DARKGREEN]]
stack[CellContent[playerShape=CIRCLE, Playercolor=BLACK, baseColor=DARKGREEN]]
stack[CellContent[playerShape=CIRCLE, Playercolor=BLACK, baseColor=DARKGREEN]]
stack[CellContent[playerShape=CIRCLE, Playercolor=BLACK, baseColor=DARKGREEN]]
stack[CellContent[playerShape=CIRCLE, Playercolor=BLACK, baseColor=DARKGREEN]]
stack[CellContent[playerShape=CIRCLE, Playercolor=BLACK, baseColor=DARKGREEN]]
stack[CellContent[playerShape=CIRCLE, Playercolor=BLACK, baseColor=DARKGREEN]]
stack[CellContent[playerShape=CIRCLE, Playercolor=BLACK, baseColor=DARKGREEN]]
stack[CellContent[playerShape=CIRCLE, Playercolor=BLACK, baseColor=DARKGREEN]]
stack[CellContent[playerShape=CIRCLE, Playercolor=BLACK, baseColor=DARKGREEN]]
stack[CellContent[playerShape=CIRCLE, Playercolor=BLACK, baseColor=DARKGREEN]]
stack[CellContent[playerShape=CIRCLE, Playercolor=BLACK, baseColor=DARKGREEN]]
stack[CellContent[playerShape=CIRCLE, Playercolor=BLACK, baseColor=DARKGREEN]]
stack[CellContent[playerShape=CIRCLE, Playercolor=BLACK, baseColor=DARKGREEN]]
stack[CellContent[playerShape=CIRCLE, Playercolor=BLACK, baseColor=DARKGREEN]]
stack[CellContent[playerShape=CIRCLE, Playercolor=BLACK, baseColor=DARKGREEN]]
stack[CellContent[playerShape=CIRCLE, Playercolor=BLACK, baseColor=DARKGREEN]]
stack[CellContent[playerShape=CIRCLE, Playercolor=BLACK, baseColor=DARKGREEN]]
stack[CellContent[playerShape=CIRCLE, Playercolor=BLACK, baseColor=DARKGREEN]]
stack[CellContent[playerShape=CIRCLE, Playercolor=BLACK, baseColor=DARKGREEN]]
stack[CellContent[playerShape=CIRCLE, Playercolor=BLACK, baseColor=DARKGREEN]]
stack[CellContent[playerShape=CIRCLE, Playercolor=BLACK, baseColor=DARKGREEN]]
stack[CellContent[playerShape=CIRCLE, Playercolor=BLACK, baseColor=DARKGREEN]]
stack[CellContent[playerShape=CIRCLE, Playercolor=BLACK, baseColor=DARKGREEN]]
stack[CellContent[playerShape=CIRCLE, Playercolor=BLACK, baseColor=DARKGREEN]]
stack[CellContent[playerShape=CIRCLE, Playercolor=BLACK, baseColor=DARKGREEN]]
stack[CellContent[playerShape=CIRCLE, Playercolor=BLACK, baseColor=DARKGREEN]]
stack[CellContent[playerShape=CIRCLE, Playercolor=BLACK, baseColor=DARKGREEN]]
stack[CellContent[playerShape=CIRCLE, Playercolor=BLACK, baseColor=DARKGREEN]]
]]></system-out>
  <system-err><![CDATA[]]></system-err>
</testsuite>
