<?xml version="1.0" encoding="UTF-8"?>
<testsuite name="fr.univ_amu.m1info.board_game_library.RulesTest" tests="4" skipped="0" failures="0" errors="0" timestamp="2024-12-12T21:43:43" hostname="Moe" time="0.011">
  <properties/>
  <testcase name="testIsMoveInvalid()" classname="fr.univ_amu.m1info.board_game_library.RulesTest" time="0.002"/>
  <testcase name="testFindOpponentPositions()" classname="fr.univ_amu.m1info.board_game_library.RulesTest" time="0.004"/>
  <testcase name="testCheckAndFlipPieces()" classname="fr.univ_amu.m1info.board_game_library.RulesTest" time="0.003"/>
  <testcase name="testIsMoveValid()" classname="fr.univ_amu.m1info.board_game_library.RulesTest" time="0.002"/>
  <system-out><![CDATA[stack[CellContent[playerShape=STAR, Playercolor=DARKGREEN, baseColor=DARKGREEN]]
stack[CellContent[playerShape=STAR, Playercolor=DARKGREEN, baseColor=DARKGREEN]]
stack[CellContent[playerShape=STAR, Playercolor=DARKGREEN, baseColor=DARKGREEN]]
stack[CellContent[playerShape=STAR, Playercolor=DARKGREEN, baseColor=DARKGREEN]]
stack[CellContent[playerShape=STAR, Playercolor=DARKGREEN, baseColor=DARKGREEN]]
stack[CellContent[playerShape=STAR, Playercolor=DARKGREEN, baseColor=DARKGREEN]]
stack[CellContent[playerShape=STAR, Playercolor=DARKGREEN, baseColor=DARKGREEN]]
stack[CellContent[playerShape=STAR, Playercolor=DARKGREEN, baseColor=DARKGREEN]]
stack[CellContent[playerShape=STAR, Playercolor=DARKGREEN, baseColor=DARKGREEN]]
stack[CellContent[playerShape=STAR, Playercolor=DARKGREEN, baseColor=DARKGREEN]]
stack[CellContent[playerShape=STAR, Playercolor=DARKGREEN, baseColor=DARKGREEN]]
stack[CellContent[playerShape=STAR, Playercolor=DARKGREEN, baseColor=DARKGREEN]]
stack[CellContent[playerShape=STAR, Playercolor=DARKGREEN, baseColor=DARKGREEN]]
stack[CellContent[playerShape=STAR, Playercolor=DARKGREEN, baseColor=DARKGREEN]]
stack[CellContent[playerShape=STAR, Playercolor=DARKGREEN, baseColor=DARKGREEN]]
stack[CellContent[playerShape=STAR, Playercolor=DARKGREEN, baseColor=DARKGREEN]]
stack[CellContent[playerShape=STAR, Playercolor=DARKGREEN, baseColor=DARKGREEN]]
stack[CellContent[playerShape=STAR, Playercolor=DARKGREEN, baseColor=DARKGREEN]]
stack[CellContent[playerShape=STAR, Playercolor=DARKGREEN, baseColor=DARKGREEN]]
stack[CellContent[playerShape=STAR, Playercolor=DARKGREEN, baseColor=DARKGREEN]]
stack[CellContent[playerShape=STAR, Playercolor=DARKGREEN, baseColor=DARKGREEN]]
stack[CellContent[playerShape=STAR, Playercolor=DARKGREEN, baseColor=DARKGREEN]]
stack[CellContent[playerShape=STAR, Playercolor=DARKGREEN, baseColor=DARKGREEN]]
stack[CellContent[playerShape=STAR, Playercolor=DARKGREEN, baseColor=DARKGREEN]]
stack[CellContent[playerShape=STAR, Playercolor=DARKGREEN, baseColor=DARKGREEN]]
stack[CellContent[playerShape=STAR, Playercolor=DARKGREEN, baseColor=DARKGREEN]]
stack[CellContent[playerShape=STAR, Playercolor=DARKGREEN, baseColor=DARKGREEN]]
stack[CellContent[playerShape=STAR, Playercolor=DARKGREEN, baseColor=DARKGREEN]]
stack[CellContent[playerShape=STAR, Playercolor=DARKGREEN, baseColor=DARKGREEN]]
stack[CellContent[playerShape=STAR, Playercolor=DARKGREEN, baseColor=DARKGREEN]]
stack[CellContent[playerShape=STAR, Playercolor=DARKGREEN, baseColor=DARKGREEN]]
stack[CellContent[playerShape=STAR, Playercolor=DARKGREEN, baseColor=DARKGREEN]]
stack[CellContent[playerShape=STAR, Playercolor=DARKGREEN, baseColor=DARKGREEN]]
stack[CellContent[playerShape=STAR, Playercolor=DARKGREEN, baseColor=DARKGREEN]]
stack[CellContent[playerShape=STAR, Playercolor=DARKGREEN, baseColor=DARKGREEN]]
stack[CellContent[playerShape=STAR, Playercolor=DARKGREEN, baseColor=DARKGREEN]]
stack[CellContent[playerShape=STAR, Playercolor=DARKGREEN, baseColor=DARKGREEN]]
stack[CellContent[playerShape=STAR, Playercolor=DARKGREEN, baseColor=DARKGREEN]]
stack[CellContent[playerShape=STAR, Playercolor=DARKGREEN, baseColor=DARKGREEN]]
stack[CellContent[playerShape=STAR, Playercolor=DARKGREEN, baseColor=DARKGREEN]]
stack[CellContent[playerShape=STAR, Playercolor=DARKGREEN, baseColor=DARKGREEN]]
stack[CellContent[playerShape=STAR, Playercolor=DARKGREEN, baseColor=DARKGREEN]]
stack[CellContent[playerShape=STAR, Playercolor=DARKGREEN, baseColor=DARKGREEN]]
stack[CellContent[playerShape=STAR, Playercolor=DARKGREEN, baseColor=DARKGREEN]]
stack[CellContent[playerShape=STAR, Playercolor=DARKGREEN, baseColor=DARKGREEN]]
stack[CellContent[playerShape=STAR, Playercolor=DARKGREEN, baseColor=DARKGREEN]]
stack[CellContent[playerShape=STAR, Playercolor=DARKGREEN, baseColor=DARKGREEN]]
stack[CellContent[playerShape=STAR, Playercolor=DARKGREEN, baseColor=DARKGREEN]]
stack[CellContent[playerShape=STAR, Playercolor=DARKGREEN, baseColor=DARKGREEN]]
stack[CellContent[playerShape=STAR, Playercolor=DARKGREEN, baseColor=DARKGREEN]]
stack[CellContent[playerShape=STAR, Playercolor=DARKGREEN, baseColor=DARKGREEN]]
stack[CellContent[playerShape=STAR, Playercolor=DARKGREEN, baseColor=DARKGREEN]]
stack[CellContent[playerShape=STAR, Playercolor=DARKGREEN, baseColor=DARKGREEN]]
stack[CellContent[playerShape=STAR, Playercolor=DARKGREEN, baseColor=DARKGREEN]]
stack[CellContent[playerShape=STAR, Playercolor=DARKGREEN, baseColor=DARKGREEN]]
stack[CellContent[playerShape=STAR, Playercolor=DARKGREEN, baseColor=DARKGREEN]]
stack[CellContent[playerShape=STAR, Playercolor=DARKGREEN, baseColor=DARKGREEN]]
stack[CellContent[playerShape=STAR, Playercolor=DARKGREEN, baseColor=DARKGREEN]]
stack[CellContent[playerShape=STAR, Playercolor=DARKGREEN, baseColor=DARKGREEN]]
stack[CellContent[playerShape=STAR, Playercolor=DARKGREEN, baseColor=DARKGREEN]]
stack[CellContent[playerShape=STAR, Playercolor=DARKGREEN, baseColor=DARKGREEN]]
stack[CellContent[playerShape=STAR, Playercolor=DARKGREEN, baseColor=DARKGREEN]]
stack[CellContent[playerShape=STAR, Playercolor=DARKGREEN, baseColor=DARKGREEN]]
stack[CellContent[playerShape=STAR, Playercolor=DARKGREEN, baseColor=DARKGREEN]]
stack[CellContent[playerShape=CIRCLE, Playercolor=WHITE, baseColor=DARKGREEN]]
stack[CellContent[playerShape=STAR, Playercolor=DARKGREEN, baseColor=DARKGREEN]]
stack[CellContent[playerShape=STAR, Playercolor=DARKGREEN, baseColor=DARKGREEN]]
stack[CellContent[playerShape=STAR, Playercolor=DARKGREEN, baseColor=DARKGREEN]]
stack[CellContent[playerShape=STAR, Playercolor=DARKGREEN, baseColor=DARKGREEN]]
stack[CellContent[playerShape=STAR, Playercolor=DARKGREEN, baseColor=DARKGREEN]]
stack[CellContent[playerShape=STAR, Playercolor=DARKGREEN, baseColor=DARKGREEN]]
stack[CellContent[playerShape=STAR, Playercolor=DARKGREEN, baseColor=DARKGREEN]]
stack[CellContent[playerShape=STAR, Playercolor=DARKGREEN, baseColor=DARKGREEN]]
stack[CellContent[playerShape=STAR, Playercolor=DARKGREEN, baseColor=DARKGREEN]]
stack[CellContent[playerShape=STAR, Playercolor=DARKGREEN, baseColor=DARKGREEN]]
stack[CellContent[playerShape=STAR, Playercolor=DARKGREEN, baseColor=DARKGREEN]]
stack[CellContent[playerShape=STAR, Playercolor=DARKGREEN, baseColor=DARKGREEN]]
stack[CellContent[playerShape=STAR, Playercolor=DARKGREEN, baseColor=DARKGREEN]]
stack[CellContent[playerShape=STAR, Playercolor=DARKGREEN, baseColor=DARKGREEN]]
stack[CellContent[playerShape=STAR, Playercolor=DARKGREEN, baseColor=DARKGREEN]]
stack[CellContent[playerShape=STAR, Playercolor=DARKGREEN, baseColor=DARKGREEN]]
stack[CellContent[playerShape=STAR, Playercolor=DARKGREEN, baseColor=DARKGREEN]]
stack[CellContent[playerShape=STAR, Playercolor=DARKGREEN, baseColor=DARKGREEN]]
stack[CellContent[playerShape=STAR, Playercolor=DARKGREEN, baseColor=DARKGREEN]]
stack[CellContent[playerShape=STAR, Playercolor=DARKGREEN, baseColor=DARKGREEN]]
stack[CellContent[playerShape=STAR, Playercolor=DARKGREEN, baseColor=DARKGREEN]]
stack[CellContent[playerShape=STAR, Playercolor=DARKGREEN, baseColor=DARKGREEN]]
stack[CellContent[playerShape=STAR, Playercolor=DARKGREEN, baseColor=DARKGREEN]]
stack[CellContent[playerShape=STAR, Playercolor=DARKGREEN, baseColor=DARKGREEN]]
stack[CellContent[playerShape=STAR, Playercolor=DARKGREEN, baseColor=DARKGREEN]]
stack[CellContent[playerShape=STAR, Playercolor=DARKGREEN, baseColor=DARKGREEN]]
stack[CellContent[playerShape=STAR, Playercolor=DARKGREEN, baseColor=DARKGREEN]]
stack[CellContent[playerShape=STAR, Playercolor=DARKGREEN, baseColor=DARKGREEN]]
stack[CellContent[playerShape=STAR, Playercolor=DARKGREEN, baseColor=DARKGREEN]]
stack[CellContent[playerShape=STAR, Playercolor=DARKGREEN, baseColor=DARKGREEN]]
stack[CellContent[playerShape=STAR, Playercolor=DARKGREEN, baseColor=DARKGREEN]]
stack[CellContent[playerShape=STAR, Playercolor=DARKGREEN, baseColor=DARKGREEN]]
stack[CellContent[playerShape=STAR, Playercolor=DARKGREEN, baseColor=DARKGREEN]]
stack[CellContent[playerShape=STAR, Playercolor=DARKGREEN, baseColor=DARKGREEN]]
stack[CellContent[playerShape=STAR, Playercolor=DARKGREEN, baseColor=DARKGREEN]]
stack[CellContent[playerShape=STAR, Playercolor=DARKGREEN, baseColor=DARKGREEN]]
stack[CellContent[playerShape=STAR, Playercolor=DARKGREEN, baseColor=DARKGREEN]]
stack[CellContent[playerShape=STAR, Playercolor=DARKGREEN, baseColor=DARKGREEN]]
stack[CellContent[playerShape=STAR, Playercolor=DARKGREEN, baseColor=DARKGREEN]]
stack[CellContent[playerShape=STAR, Playercolor=DARKGREEN, baseColor=DARKGREEN]]
stack[CellContent[playerShape=STAR, Playercolor=DARKGREEN, baseColor=DARKGREEN]]
stack[CellContent[playerShape=STAR, Playercolor=DARKGREEN, baseColor=DARKGREEN]]
stack[CellContent[playerShape=STAR, Playercolor=DARKGREEN, baseColor=DARKGREEN]]
stack[CellContent[playerShape=STAR, Playercolor=DARKGREEN, baseColor=DARKGREEN]]
stack[CellContent[playerShape=STAR, Playercolor=DARKGREEN, baseColor=DARKGREEN]]
stack[CellContent[playerShape=STAR, Playercolor=DARKGREEN, baseColor=DARKGREEN]]
stack[CellContent[playerShape=STAR, Playercolor=DARKGREEN, baseColor=DARKGREEN]]
stack[CellContent[playerShape=STAR, Playercolor=DARKGREEN, baseColor=DARKGREEN]]
stack[CellContent[playerShape=STAR, Playercolor=DARKGREEN, baseColor=DARKGREEN]]
stack[CellContent[playerShape=STAR, Playercolor=DARKGREEN, baseColor=DARKGREEN]]
stack[CellContent[playerShape=STAR, Playercolor=DARKGREEN, baseColor=DARKGREEN]]
stack[CellContent[playerShape=STAR, Playercolor=DARKGREEN, baseColor=DARKGREEN]]
stack[CellContent[playerShape=STAR, Playercolor=DARKGREEN, baseColor=DARKGREEN]]
stack[CellContent[playerShape=STAR, Playercolor=DARKGREEN, baseColor=DARKGREEN]]
stack[CellContent[playerShape=STAR, Playercolor=DARKGREEN, baseColor=DARKGREEN]]
stack[CellContent[playerShape=STAR, Playercolor=DARKGREEN, baseColor=DARKGREEN]]
stack[CellContent[playerShape=STAR, Playercolor=DARKGREEN, baseColor=DARKGREEN]]
stack[CellContent[playerShape=STAR, Playercolor=DARKGREEN, baseColor=DARKGREEN]]
stack[CellContent[playerShape=STAR, Playercolor=DARKGREEN, baseColor=DARKGREEN]]
stack[CellContent[playerShape=STAR, Playercolor=DARKGREEN, baseColor=DARKGREEN]]
stack[CellContent[playerShape=STAR, Playercolor=DARKGREEN, baseColor=DARKGREEN]]
stack[CellContent[playerShape=STAR, Playercolor=DARKGREEN, baseColor=DARKGREEN]]
stack[CellContent[playerShape=STAR, Playercolor=DARKGREEN, baseColor=DARKGREEN]]
stack[CellContent[playerShape=STAR, Playercolor=DARKGREEN, baseColor=DARKGREEN]]
stack[CellContent[playerShape=CIRCLE, Playercolor=WHITE, baseColor=DARKGREEN]]
stack[CellContent[playerShape=CIRCLE, Playercolor=WHITE, baseColor=DARKGREEN]]
stack[CellContent[playerShape=CIRCLE, Playercolor=BLACK, baseColor=DARKGREEN]]
stack[CellContent[playerShape=STAR, Playercolor=DARKGREEN, baseColor=DARKGREEN]]
stack[CellContent[playerShape=STAR, Playercolor=DARKGREEN, baseColor=DARKGREEN]]
stack[CellContent[playerShape=STAR, Playercolor=DARKGREEN, baseColor=DARKGREEN]]
stack[CellContent[playerShape=STAR, Playercolor=DARKGREEN, baseColor=DARKGREEN]]
stack[CellContent[playerShape=STAR, Playercolor=DARKGREEN, baseColor=DARKGREEN]]
stack[CellContent[playerShape=STAR, Playercolor=DARKGREEN, baseColor=DARKGREEN]]
stack[CellContent[playerShape=STAR, Playercolor=DARKGREEN, baseColor=DARKGREEN]]
stack[CellContent[playerShape=STAR, Playercolor=DARKGREEN, baseColor=DARKGREEN]]
stack[CellContent[playerShape=STAR, Playercolor=DARKGREEN, baseColor=DARKGREEN]]
stack[CellContent[playerShape=STAR, Playercolor=DARKGREEN, baseColor=DARKGREEN]]
stack[CellContent[playerShape=STAR, Playercolor=DARKGREEN, baseColor=DARKGREEN]]
stack[CellContent[playerShape=STAR, Playercolor=DARKGREEN, baseColor=DARKGREEN]]
stack[CellContent[playerShape=STAR, Playercolor=DARKGREEN, baseColor=DARKGREEN]]
stack[CellContent[playerShape=STAR, Playercolor=DARKGREEN, baseColor=DARKGREEN]]
stack[CellContent[playerShape=STAR, Playercolor=DARKGREEN, baseColor=DARKGREEN]]
stack[CellContent[playerShape=STAR, Playercolor=DARKGREEN, baseColor=DARKGREEN]]
stack[CellContent[playerShape=STAR, Playercolor=DARKGREEN, baseColor=DARKGREEN]]
stack[CellContent[playerShape=STAR, Playercolor=DARKGREEN, baseColor=DARKGREEN]]
stack[CellContent[playerShape=STAR, Playercolor=DARKGREEN, baseColor=DARKGREEN]]
stack[CellContent[playerShape=STAR, Playercolor=DARKGREEN, baseColor=DARKGREEN]]
stack[CellContent[playerShape=STAR, Playercolor=DARKGREEN, baseColor=DARKGREEN]]
stack[CellContent[playerShape=STAR, Playercolor=DARKGREEN, baseColor=DARKGREEN]]
stack[CellContent[playerShape=STAR, Playercolor=DARKGREEN, baseColor=DARKGREEN]]
stack[CellContent[playerShape=STAR, Playercolor=DARKGREEN, baseColor=DARKGREEN]]
stack[CellContent[playerShape=STAR, Playercolor=DARKGREEN, baseColor=DARKGREEN]]
stack[CellContent[playerShape=STAR, Playercolor=DARKGREEN, baseColor=DARKGREEN]]
stack[CellContent[playerShape=STAR, Playercolor=DARKGREEN, baseColor=DARKGREEN]]
stack[CellContent[playerShape=STAR, Playercolor=DARKGREEN, baseColor=DARKGREEN]]
stack[CellContent[playerShape=STAR, Playercolor=DARKGREEN, baseColor=DARKGREEN]]
stack[CellContent[playerShape=STAR, Playercolor=DARKGREEN, baseColor=DARKGREEN]]
stack[CellContent[playerShape=STAR, Playercolor=DARKGREEN, baseColor=DARKGREEN]]
stack[CellContent[playerShape=STAR, Playercolor=DARKGREEN, baseColor=DARKGREEN]]
stack[CellContent[playerShape=STAR, Playercolor=DARKGREEN, baseColor=DARKGREEN]]
stack[CellContent[playerShape=STAR, Playercolor=DARKGREEN, baseColor=DARKGREEN]]
stack[CellContent[playerShape=STAR, Playercolor=DARKGREEN, baseColor=DARKGREEN]]
stack[CellContent[playerShape=STAR, Playercolor=DARKGREEN, baseColor=DARKGREEN]]
stack[CellContent[playerShape=STAR, Playercolor=DARKGREEN, baseColor=DARKGREEN]]
stack[CellContent[playerShape=STAR, Playercolor=DARKGREEN, baseColor=DARKGREEN]]
stack[CellContent[playerShape=STAR, Playercolor=DARKGREEN, baseColor=DARKGREEN]]
stack[CellContent[playerShape=STAR, Playercolor=DARKGREEN, baseColor=DARKGREEN]]
stack[CellContent[playerShape=STAR, Playercolor=DARKGREEN, baseColor=DARKGREEN]]
stack[CellContent[playerShape=STAR, Playercolor=DARKGREEN, baseColor=DARKGREEN]]
stack[CellContent[playerShape=STAR, Playercolor=DARKGREEN, baseColor=DARKGREEN]]
stack[CellContent[playerShape=STAR, Playercolor=DARKGREEN, baseColor=DARKGREEN]]
stack[CellContent[playerShape=STAR, Playercolor=DARKGREEN, baseColor=DARKGREEN]]
stack[CellContent[playerShape=STAR, Playercolor=DARKGREEN, baseColor=DARKGREEN]]
stack[CellContent[playerShape=STAR, Playercolor=DARKGREEN, baseColor=DARKGREEN]]
stack[CellContent[playerShape=STAR, Playercolor=DARKGREEN, baseColor=DARKGREEN]]
stack[CellContent[playerShape=STAR, Playercolor=DARKGREEN, baseColor=DARKGREEN]]
stack[CellContent[playerShape=STAR, Playercolor=DARKGREEN, baseColor=DARKGREEN]]
stack[CellContent[playerShape=STAR, Playercolor=DARKGREEN, baseColor=DARKGREEN]]
stack[CellContent[playerShape=STAR, Playercolor=DARKGREEN, baseColor=DARKGREEN]]
stack[CellContent[playerShape=STAR, Playercolor=DARKGREEN, baseColor=DARKGREEN]]
stack[CellContent[playerShape=STAR, Playercolor=DARKGREEN, baseColor=DARKGREEN]]
stack[CellContent[playerShape=STAR, Playercolor=DARKGREEN, baseColor=DARKGREEN]]
stack[CellContent[playerShape=STAR, Playercolor=DARKGREEN, baseColor=DARKGREEN]]
stack[CellContent[playerShape=STAR, Playercolor=DARKGREEN, baseColor=DARKGREEN]]
stack[CellContent[playerShape=STAR, Playercolor=DARKGREEN, baseColor=DARKGREEN]]
stack[CellContent[playerShape=STAR, Playercolor=DARKGREEN, baseColor=DARKGREEN]]
stack[CellContent[playerShape=STAR, Playercolor=DARKGREEN, baseColor=DARKGREEN]]
stack[CellContent[playerShape=STAR, Playercolor=DARKGREEN, baseColor=DARKGREEN]]
stack[CellContent[playerShape=STAR, Playercolor=DARKGREEN, baseColor=DARKGREEN]]
stack[CellContent[playerShape=STAR, Playercolor=DARKGREEN, baseColor=DARKGREEN]]
stack[CellContent[playerShape=STAR, Playercolor=DARKGREEN, baseColor=DARKGREEN]]
stack[CellContent[playerShape=CIRCLE, Playercolor=WHITE, baseColor=DARKGREEN]]
stack[CellContent[playerShape=CIRCLE, Playercolor=WHITE, baseColor=DARKGREEN]]
stack[CellContent[playerShape=CIRCLE, Playercolor=BLACK, baseColor=DARKGREEN]]
stack[CellContent[playerShape=CIRCLE, Playercolor=WHITE, baseColor=DARKGREEN], CellContent[playerShape=CIRCLE, Playercolor=BLACK, baseColor=DARKGREEN]]
stack[CellContent[playerShape=CIRCLE, Playercolor=WHITE, baseColor=DARKGREEN], CellContent[playerShape=CIRCLE, Playercolor=BLACK, baseColor=DARKGREEN]]
stack[CellContent[playerShape=STAR, Playercolor=DARKGREEN, baseColor=DARKGREEN]]
stack[CellContent[playerShape=STAR, Playercolor=DARKGREEN, baseColor=DARKGREEN]]
stack[CellContent[playerShape=STAR, Playercolor=DARKGREEN, baseColor=DARKGREEN]]
stack[CellContent[playerShape=STAR, Playercolor=DARKGREEN, baseColor=DARKGREEN]]
stack[CellContent[playerShape=STAR, Playercolor=DARKGREEN, baseColor=DARKGREEN]]
stack[CellContent[playerShape=STAR, Playercolor=DARKGREEN, baseColor=DARKGREEN]]
stack[CellContent[playerShape=STAR, Playercolor=DARKGREEN, baseColor=DARKGREEN]]
stack[CellContent[playerShape=STAR, Playercolor=DARKGREEN, baseColor=DARKGREEN]]
stack[CellContent[playerShape=STAR, Playercolor=DARKGREEN, baseColor=DARKGREEN]]
stack[CellContent[playerShape=STAR, Playercolor=DARKGREEN, baseColor=DARKGREEN]]
stack[CellContent[playerShape=STAR, Playercolor=DARKGREEN, baseColor=DARKGREEN]]
stack[CellContent[playerShape=STAR, Playercolor=DARKGREEN, baseColor=DARKGREEN]]
stack[CellContent[playerShape=STAR, Playercolor=DARKGREEN, baseColor=DARKGREEN]]
stack[CellContent[playerShape=STAR, Playercolor=DARKGREEN, baseColor=DARKGREEN]]
stack[CellContent[playerShape=STAR, Playercolor=DARKGREEN, baseColor=DARKGREEN]]
stack[CellContent[playerShape=STAR, Playercolor=DARKGREEN, baseColor=DARKGREEN]]
stack[CellContent[playerShape=STAR, Playercolor=DARKGREEN, baseColor=DARKGREEN]]
stack[CellContent[playerShape=STAR, Playercolor=DARKGREEN, baseColor=DARKGREEN]]
stack[CellContent[playerShape=STAR, Playercolor=DARKGREEN, baseColor=DARKGREEN]]
stack[CellContent[playerShape=STAR, Playercolor=DARKGREEN, baseColor=DARKGREEN]]
stack[CellContent[playerShape=STAR, Playercolor=DARKGREEN, baseColor=DARKGREEN]]
stack[CellContent[playerShape=STAR, Playercolor=DARKGREEN, baseColor=DARKGREEN]]
stack[CellContent[playerShape=STAR, Playercolor=DARKGREEN, baseColor=DARKGREEN]]
stack[CellContent[playerShape=STAR, Playercolor=DARKGREEN, baseColor=DARKGREEN]]
stack[CellContent[playerShape=STAR, Playercolor=DARKGREEN, baseColor=DARKGREEN]]
stack[CellContent[playerShape=STAR, Playercolor=DARKGREEN, baseColor=DARKGREEN]]
stack[CellContent[playerShape=STAR, Playercolor=DARKGREEN, baseColor=DARKGREEN]]
stack[CellContent[playerShape=STAR, Playercolor=DARKGREEN, baseColor=DARKGREEN]]
stack[CellContent[playerShape=STAR, Playercolor=DARKGREEN, baseColor=DARKGREEN]]
stack[CellContent[playerShape=STAR, Playercolor=DARKGREEN, baseColor=DARKGREEN]]
stack[CellContent[playerShape=STAR, Playercolor=DARKGREEN, baseColor=DARKGREEN]]
stack[CellContent[playerShape=STAR, Playercolor=DARKGREEN, baseColor=DARKGREEN]]
stack[CellContent[playerShape=STAR, Playercolor=DARKGREEN, baseColor=DARKGREEN]]
stack[CellContent[playerShape=STAR, Playercolor=DARKGREEN, baseColor=DARKGREEN]]
stack[CellContent[playerShape=STAR, Playercolor=DARKGREEN, baseColor=DARKGREEN]]
stack[CellContent[playerShape=STAR, Playercolor=DARKGREEN, baseColor=DARKGREEN]]
stack[CellContent[playerShape=STAR, Playercolor=DARKGREEN, baseColor=DARKGREEN]]
stack[CellContent[playerShape=STAR, Playercolor=DARKGREEN, baseColor=DARKGREEN]]
stack[CellContent[playerShape=STAR, Playercolor=DARKGREEN, baseColor=DARKGREEN]]
stack[CellContent[playerShape=STAR, Playercolor=DARKGREEN, baseColor=DARKGREEN]]
stack[CellContent[playerShape=STAR, Playercolor=DARKGREEN, baseColor=DARKGREEN]]
stack[CellContent[playerShape=STAR, Playercolor=DARKGREEN, baseColor=DARKGREEN]]
stack[CellContent[playerShape=STAR, Playercolor=DARKGREEN, baseColor=DARKGREEN]]
stack[CellContent[playerShape=STAR, Playercolor=DARKGREEN, baseColor=DARKGREEN]]
stack[CellContent[playerShape=STAR, Playercolor=DARKGREEN, baseColor=DARKGREEN]]
stack[CellContent[playerShape=STAR, Playercolor=DARKGREEN, baseColor=DARKGREEN]]
stack[CellContent[playerShape=STAR, Playercolor=DARKGREEN, baseColor=DARKGREEN]]
stack[CellContent[playerShape=STAR, Playercolor=DARKGREEN, baseColor=DARKGREEN]]
stack[CellContent[playerShape=STAR, Playercolor=DARKGREEN, baseColor=DARKGREEN]]
stack[CellContent[playerShape=STAR, Playercolor=DARKGREEN, baseColor=DARKGREEN]]
stack[CellContent[playerShape=STAR, Playercolor=DARKGREEN, baseColor=DARKGREEN]]
stack[CellContent[playerShape=STAR, Playercolor=DARKGREEN, baseColor=DARKGREEN]]
stack[CellContent[playerShape=STAR, Playercolor=DARKGREEN, baseColor=DARKGREEN]]
stack[CellContent[playerShape=STAR, Playercolor=DARKGREEN, baseColor=DARKGREEN]]
stack[CellContent[playerShape=STAR, Playercolor=DARKGREEN, baseColor=DARKGREEN]]
stack[CellContent[playerShape=STAR, Playercolor=DARKGREEN, baseColor=DARKGREEN]]
stack[CellContent[playerShape=STAR, Playercolor=DARKGREEN, baseColor=DARKGREEN]]
stack[CellContent[playerShape=STAR, Playercolor=DARKGREEN, baseColor=DARKGREEN]]
stack[CellContent[playerShape=STAR, Playercolor=DARKGREEN, baseColor=DARKGREEN]]
stack[CellContent[playerShape=STAR, Playercolor=DARKGREEN, baseColor=DARKGREEN]]
stack[CellContent[playerShape=STAR, Playercolor=DARKGREEN, baseColor=DARKGREEN]]
stack[CellContent[playerShape=STAR, Playercolor=DARKGREEN, baseColor=DARKGREEN]]
stack[CellContent[playerShape=STAR, Playercolor=DARKGREEN, baseColor=DARKGREEN]]
stack[CellContent[playerShape=STAR, Playercolor=DARKGREEN, baseColor=DARKGREEN]]
stack[CellContent[playerShape=CIRCLE, Playercolor=WHITE, baseColor=DARKGREEN]]
stack[CellContent[playerShape=CIRCLE, Playercolor=BLACK, baseColor=DARKGREEN]]
]]></system-out>
  <system-err><![CDATA[]]></system-err>
</testsuite>
